<?xml version="1.0" encoding="UTF-8"?><testrun name="java-coaching" project="java-coaching" tests="393" started="392" failures="9" errors="1" ignored="14">
  <testsuite name="coaching.jdbc.AbstractDtoTest" time="0.001">
    <testcase name="testAbstractDto" classname="coaching.jdbc.AbstractDtoTest" time="0.001"/>
  </testsuite>
  <testsuite name="coaching.idioms.AbstractLoggingTest" time="0.118">
    <testcase name="testSendLogTo" classname="coaching.idioms.AbstractLoggingTest" time="0.118"/>
    <testcase name="testSendToLog" classname="coaching.idioms.AbstractLoggingTest" time="0.0"/>
  </testsuite>
  <testsuite name="coaching.idioms.DedupeTest" time="0.001">
    <testcase name="testDeDuplicating" classname="coaching.idioms.DedupeTest" time="0.001"/>
  </testsuite>
  <testsuite name="coaching.money.BigDecimalMoneyTest" time="0.022">
    <testcase name="testJapanLocale" classname="coaching.money.BigDecimalMoneyTest" time="0.011"/>
    <testcase name="testReportDefaultLocale" classname="coaching.money.BigDecimalMoneyTest" time="0.0"/>
    <testcase name="testAddition" classname="coaching.money.BigDecimalMoneyTest" time="0.002"/>
    <testcase name="testFrenchLocale" classname="coaching.money.BigDecimalMoneyTest" time="0.001"/>
    <testcase name="testCanadaLocale" classname="coaching.money.BigDecimalMoneyTest" time="0.001"/>
    <testcase name="testUsLocale" classname="coaching.money.BigDecimalMoneyTest" time="0.001"/>
    <testcase name="testBigDecimalMoney" classname="coaching.money.BigDecimalMoneyTest" time="0.005"/>
    <testcase name="testUkLocale" classname="coaching.money.BigDecimalMoneyTest" time="0.001"/>
  </testsuite>
  <testsuite name="patterns.state.ContextTest" time="0.005">
    <testcase name="testToAlice" classname="patterns.state.ContextTest" time="0.003"/>
    <testcase name="testToBob" classname="patterns.state.ContextTest" time="0.0"/>
    <testcase name="testTypicalUsage" classname="patterns.state.ContextTest" time="0.002"/>
    <testcase name="toString_A$" classname="patterns.state.ContextTest" time="0.0"/>
    <testcase name="type" classname="patterns.state.ContextTest" time="0.0"/>
    <testcase name="instantiation" classname="patterns.state.ContextTest" time="0.0"/>
  </testsuite>
  <testsuite name="coaching.jdbc.SqliteTest" time="0.26">
    <testcase name="testSqlite" classname="coaching.jdbc.SqliteTest" time="0.26"/>
  </testsuite>
  <testsuite name="patterns.session.AbstractSessionTest" time="0.007">
    <testcase name="testSetGetUuid" classname="patterns.session.AbstractSessionTest" time="0.006"/>
    <testcase name="testTypicalUsage" classname="patterns.session.AbstractSessionTest" time="0.0"/>
    <testcase name="testToString" classname="patterns.session.AbstractSessionTest" time="0.0"/>
    <testcase name="testSetGetToken" classname="patterns.session.AbstractSessionTest" time="0.0"/>
    <testcase name="type" classname="patterns.session.AbstractSessionTest" time="0.0"/>
  </testsuite>
  <testsuite name="coaching.solid.LiskovSubstitutionPrincipleTest" time="0.001">
    <testcase name="testLiskovSubstitutionPrinciple" classname="coaching.solid.LiskovSubstitutionPrincipleTest" time="0.001"/>
  </testsuite>
  <testsuite name="patterns.strategy.AbstractStrategyTest" time="0.007">
    <testcase name="testContextProperties" classname="patterns.strategy.AbstractStrategyTest" time="0.006"/>
    <testcase name="testContext" classname="patterns.strategy.AbstractStrategyTest" time="0.001"/>
  </testsuite>
  <testsuite name="coaching.idioms.FactoryMethodTest" time="0.002">
    <testcase name="testCreateClassName" classname="coaching.idioms.FactoryMethodTest" time="0.001"/>
    <testcase name="testCreate" classname="coaching.idioms.FactoryMethodTest" time="0.001"/>
  </testsuite>
  <testsuite name="coaching.utility.UtilityClassTest" time="0.004">
    <testcase name="testUtilityClassThree" classname="coaching.utility.UtilityClassTest" time="0.001"/>
    <testcase name="testUtilityClass" classname="coaching.utility.UtilityClassTest" time="0.001"/>
    <testcase name="testUtilityClassTwo" classname="coaching.utility.UtilityClassTest" time="0.002"/>
  </testsuite>
  <testsuite name="coaching.logging.AbstractLoggingTest" time="0.002">
    <testcase name="testSendLogTo" classname="coaching.logging.AbstractLoggingTest" time="0.001"/>
    <testcase name="testSendToLog" classname="coaching.logging.AbstractLoggingTest" time="0.001"/>
  </testsuite>
  <testsuite name="patterns.memento.MementoTest" time="0.001">
    <testcase name="testMemento" classname="patterns.memento.MementoTest" time="0.001"/>
    <testcase name="testMementoNull" classname="patterns.memento.MementoTest" time="0.0"/>
    <testcase name="testTypicalMemento" classname="patterns.memento.MementoTest" time="0.0"/>
  </testsuite>
  <testsuite name="coaching.solid.InterfaceSegregationPrincipleTest" time="0.001">
    <testcase name="testInterfaceSegregationPrinciple" classname="coaching.solid.InterfaceSegregationPrincipleTest" time="0.001"/>
  </testsuite>
  <testsuite name="coaching.pool.AbstractValueObjectTest" time="0.002">
    <testcase name="testAbstractValueObject" classname="coaching.pool.AbstractValueObjectTest" time="0.002"/>
  </testsuite>
  <testsuite name="patterns.memento.OriginatorTest" time="0.002">
    <testcase name="testTypicalUsage" classname="patterns.memento.OriginatorTest" time="0.002"/>
  </testsuite>
  <testsuite name="coaching.pool.WorkerThreadTest" time="5.002">
    <testcase name="testRun" classname="coaching.pool.WorkerThreadTest" time="5.001"/>
    <testcase name="testWorkerThread" classname="coaching.pool.WorkerThreadTest" time="0.0"/>
  </testsuite>
  <testsuite name="coaching.pool.AbstractAltResourcePoolTest" time="0.049">
    <testcase name="testGrow" classname="coaching.pool.AbstractAltResourcePoolTest" time="0.041">
      <skipped>org.junit.AssumptionViolatedException: Not yet implemented&#13;
	at org.junit.Assume.assumeTrue(Assume.java:59)&#13;
	at coaching.pool.AbstractAltResourcePoolTest.testGrow(AbstractAltResourcePoolTest.java:67)&#13;
	at sun.reflect.NativeMethodAccessorImpl.invoke0(Native Method)&#13;
	at sun.reflect.NativeMethodAccessorImpl.invoke(NativeMethodAccessorImpl.java:62)&#13;
	at sun.reflect.DelegatingMethodAccessorImpl.invoke(DelegatingMethodAccessorImpl.java:43)&#13;
	at java.lang.reflect.Method.invoke(Method.java:498)&#13;
	at org.junit.runners.model.FrameworkMethod$1.runReflectiveCall(FrameworkMethod.java:50)&#13;
	at org.junit.internal.runners.model.ReflectiveCallable.run(ReflectiveCallable.java:12)&#13;
	at org.junit.runners.model.FrameworkMethod.invokeExplosively(FrameworkMethod.java:47)&#13;
	at org.junit.internal.runners.statements.InvokeMethod.evaluate(InvokeMethod.java:17)&#13;
	at org.junit.runners.ParentRunner.runLeaf(ParentRunner.java:325)&#13;
	at org.junit.runners.BlockJUnit4ClassRunner.runChild(BlockJUnit4ClassRunner.java:78)&#13;
	at org.junit.runners.BlockJUnit4ClassRunner.runChild(BlockJUnit4ClassRunner.java:57)&#13;
	at org.junit.runners.ParentRunner$3.run(ParentRunner.java:290)&#13;
	at org.junit.runners.ParentRunner$1.schedule(ParentRunner.java:71)&#13;
	at org.junit.runners.ParentRunner.runChildren(ParentRunner.java:288)&#13;
	at org.junit.runners.ParentRunner.access$000(ParentRunner.java:58)&#13;
	at org.junit.runners.ParentRunner$2.evaluate(ParentRunner.java:268)&#13;
	at org.junit.runners.ParentRunner.run(ParentRunner.java:363)&#13;
	at org.eclipse.jdt.internal.junit4.runner.JUnit4TestReference.run(JUnit4TestReference.java:89)&#13;
	at org.eclipse.jdt.internal.junit.runner.TestExecution.run(TestExecution.java:41)&#13;
	at org.eclipse.jdt.internal.junit.runner.RemoteTestRunner.runTests(RemoteTestRunner.java:541)&#13;
	at org.eclipse.jdt.internal.junit.runner.RemoteTestRunner.runTests(RemoteTestRunner.java:763)&#13;
	at org.eclipse.jdt.internal.junit.runner.RemoteTestRunner.run(RemoteTestRunner.java:463)&#13;
	at org.eclipse.jdt.internal.junit.runner.RemoteTestRunner.main(RemoteTestRunner.java:209)&#13;
&#13;
</skipped>
    </testcase>
    <testcase name="testDiscard" classname="coaching.pool.AbstractAltResourcePoolTest" time="0.001">
      <skipped>org.junit.AssumptionViolatedException: Not yet implemented&#13;
	at org.junit.Assume.assumeTrue(Assume.java:59)&#13;
	at coaching.pool.AbstractAltResourcePoolTest.testDiscard(AbstractAltResourcePoolTest.java:59)&#13;
	at sun.reflect.NativeMethodAccessorImpl.invoke0(Native Method)&#13;
	at sun.reflect.NativeMethodAccessorImpl.invoke(NativeMethodAccessorImpl.java:62)&#13;
	at sun.reflect.DelegatingMethodAccessorImpl.invoke(DelegatingMethodAccessorImpl.java:43)&#13;
	at java.lang.reflect.Method.invoke(Method.java:498)&#13;
	at org.junit.runners.model.FrameworkMethod$1.runReflectiveCall(FrameworkMethod.java:50)&#13;
	at org.junit.internal.runners.model.ReflectiveCallable.run(ReflectiveCallable.java:12)&#13;
	at org.junit.runners.model.FrameworkMethod.invokeExplosively(FrameworkMethod.java:47)&#13;
	at org.junit.internal.runners.statements.InvokeMethod.evaluate(InvokeMethod.java:17)&#13;
	at org.junit.runners.ParentRunner.runLeaf(ParentRunner.java:325)&#13;
	at org.junit.runners.BlockJUnit4ClassRunner.runChild(BlockJUnit4ClassRunner.java:78)&#13;
	at org.junit.runners.BlockJUnit4ClassRunner.runChild(BlockJUnit4ClassRunner.java:57)&#13;
	at org.junit.runners.ParentRunner$3.run(ParentRunner.java:290)&#13;
	at org.junit.runners.ParentRunner$1.schedule(ParentRunner.java:71)&#13;
	at org.junit.runners.ParentRunner.runChildren(ParentRunner.java:288)&#13;
	at org.junit.runners.ParentRunner.access$000(ParentRunner.java:58)&#13;
	at org.junit.runners.ParentRunner$2.evaluate(ParentRunner.java:268)&#13;
	at org.junit.runners.ParentRunner.run(ParentRunner.java:363)&#13;
	at org.eclipse.jdt.internal.junit4.runner.JUnit4TestReference.run(JUnit4TestReference.java:89)&#13;
	at org.eclipse.jdt.internal.junit.runner.TestExecution.run(TestExecution.java:41)&#13;
	at org.eclipse.jdt.internal.junit.runner.RemoteTestRunner.runTests(RemoteTestRunner.java:541)&#13;
	at org.eclipse.jdt.internal.junit.runner.RemoteTestRunner.runTests(RemoteTestRunner.java:763)&#13;
	at org.eclipse.jdt.internal.junit.runner.RemoteTestRunner.run(RemoteTestRunner.java:463)&#13;
	at org.eclipse.jdt.internal.junit.runner.RemoteTestRunner.main(RemoteTestRunner.java:209)&#13;
&#13;
</skipped>
    </testcase>
    <testcase name="testShrink" classname="coaching.pool.AbstractAltResourcePoolTest" time="0.0">
      <skipped>org.junit.AssumptionViolatedException: Not yet implemented&#13;
	at org.junit.Assume.assumeTrue(Assume.java:59)&#13;
	at coaching.pool.AbstractAltResourcePoolTest.testShrink(AbstractAltResourcePoolTest.java:75)&#13;
	at sun.reflect.NativeMethodAccessorImpl.invoke0(Native Method)&#13;
	at sun.reflect.NativeMethodAccessorImpl.invoke(NativeMethodAccessorImpl.java:62)&#13;
	at sun.reflect.DelegatingMethodAccessorImpl.invoke(DelegatingMethodAccessorImpl.java:43)&#13;
	at java.lang.reflect.Method.invoke(Method.java:498)&#13;
	at org.junit.runners.model.FrameworkMethod$1.runReflectiveCall(FrameworkMethod.java:50)&#13;
	at org.junit.internal.runners.model.ReflectiveCallable.run(ReflectiveCallable.java:12)&#13;
	at org.junit.runners.model.FrameworkMethod.invokeExplosively(FrameworkMethod.java:47)&#13;
	at org.junit.internal.runners.statements.InvokeMethod.evaluate(InvokeMethod.java:17)&#13;
	at org.junit.runners.ParentRunner.runLeaf(ParentRunner.java:325)&#13;
	at org.junit.runners.BlockJUnit4ClassRunner.runChild(BlockJUnit4ClassRunner.java:78)&#13;
	at org.junit.runners.BlockJUnit4ClassRunner.runChild(BlockJUnit4ClassRunner.java:57)&#13;
	at org.junit.runners.ParentRunner$3.run(ParentRunner.java:290)&#13;
	at org.junit.runners.ParentRunner$1.schedule(ParentRunner.java:71)&#13;
	at org.junit.runners.ParentRunner.runChildren(ParentRunner.java:288)&#13;
	at org.junit.runners.ParentRunner.access$000(ParentRunner.java:58)&#13;
	at org.junit.runners.ParentRunner$2.evaluate(ParentRunner.java:268)&#13;
	at org.junit.runners.ParentRunner.run(ParentRunner.java:363)&#13;
	at org.eclipse.jdt.internal.junit4.runner.JUnit4TestReference.run(JUnit4TestReference.java:89)&#13;
	at org.eclipse.jdt.internal.junit.runner.TestExecution.run(TestExecution.java:41)&#13;
	at org.eclipse.jdt.internal.junit.runner.RemoteTestRunner.runTests(RemoteTestRunner.java:541)&#13;
	at org.eclipse.jdt.internal.junit.runner.RemoteTestRunner.runTests(RemoteTestRunner.java:763)&#13;
	at org.eclipse.jdt.internal.junit.runner.RemoteTestRunner.run(RemoteTestRunner.java:463)&#13;
	at org.eclipse.jdt.internal.junit.runner.RemoteTestRunner.main(RemoteTestRunner.java:209)&#13;
&#13;
</skipped>
    </testcase>
    <testcase name="testDefaultConstructor" classname="coaching.pool.AbstractAltResourcePoolTest" time="0.007"/>
  </testsuite>
  <testsuite name="coaching.context.ContextTest" time="0.007">
    <testcase name="testAbstractContextProperties" classname="coaching.context.ContextTest" time="0.003"/>
    <testcase name="testAbstractContext" classname="coaching.context.ContextTest" time="0.001"/>
    <testcase name="testSetProperties" classname="coaching.context.ContextTest" time="0.001"/>
    <testcase name="testSetGetProperty" classname="coaching.context.ContextTest" time="0.002"/>
  </testsuite>
  <testsuite name="coaching.SequenceTest" time="0.002">
    <testcase name="testFunctionSequenceExample" classname="coaching.SequenceTest" time="0.001"/>
    <testcase name="testSimpleSequenceExample" classname="coaching.SequenceTest" time="0.001"/>
  </testsuite>
  <testsuite name="coaching.config.AbstractConfigTest" time="0.017">
    <testcase name="testTypicalUsage" classname="coaching.config.AbstractConfigTest" time="0.004"/>
    <testcase name="testToString" classname="coaching.config.AbstractConfigTest" time="0.002"/>
    <testcase name="testGetSystemProperty" classname="coaching.config.AbstractConfigTest" time="0.002"/>
    <testcase name="testConfiguration" classname="coaching.config.AbstractConfigTest" time="0.002"/>
    <testcase name="testMissingConfig" classname="coaching.config.AbstractConfigTest" time="0.005"/>
    <testcase name="testMissingConfigString" classname="coaching.config.AbstractConfigTest" time="0.0"/>
    <testcase name="testAbstractConfigStringXml" classname="coaching.config.AbstractConfigTest" time="0.002"/>
  </testsuite>
  <testsuite name="patterns.facade.FacadeTest" time="0.004">
    <testcase name="testConcreteFacadeOperation" classname="patterns.facade.FacadeTest" time="0.004"/>
  </testsuite>
  <testsuite name="patterns.mediator.MediatorTest" time="0.002">
    <testcase name="testMediator" classname="patterns.mediator.MediatorTest" time="0.002"/>
  </testsuite>
  <testsuite name="coaching.money.PoundsTest" time="0.008">
    <testcase name="testPoundsCurrency" classname="coaching.money.PoundsTest" time="0.004"/>
    <testcase name="testMinValue" classname="coaching.money.PoundsTest" time="0.001"/>
    <testcase name="testPoundsCurrencyLong" classname="coaching.money.PoundsTest" time="0.0"/>
    <testcase name="testMaxPounds" classname="coaching.money.PoundsTest" time="0.001"/>
    <testcase name="testMaxValue" classname="coaching.money.PoundsTest" time="0.0"/>
    <testcase name="testPounds" classname="coaching.money.PoundsTest" time="0.002"/>
  </testsuite>
  <testsuite name="coaching.net.WebCrawlerTest" time="1.059">
    <testcase name="testExecute" classname="coaching.net.WebCrawlerTest" time="1.056"/>
    <testcase name="testWebCrawler" classname="coaching.net.WebCrawlerTest" time="0.002"/>
  </testsuite>
  <testsuite name="patterns.factory.FactoryInterfaceTest" time="0.037">
    <testcase name="testFactoryOne" classname="patterns.factory.FactoryInterfaceTest" time="0.01"/>
    <testcase name="testFactoryTwo" classname="patterns.factory.FactoryInterfaceTest" time="0.027"/>
  </testsuite>
  <testsuite name="coaching.jdbc.ConnectionFactoryTest" time="0.002">
    <testcase name="testPostgresqlConnectionFactory" classname="coaching.jdbc.ConnectionFactoryTest" time="0.0" ignored="true"/>
    <testcase name="testPointbaseConnectionFactory" classname="coaching.jdbc.ConnectionFactoryTest" time="0.0" ignored="true"/>
    <testcase name="testConnectionFactory" classname="coaching.jdbc.ConnectionFactoryTest" time="0.0"/>
    <testcase name="testOracleConnectionFactory" classname="coaching.jdbc.ConnectionFactoryTest" time="0.0" ignored="true"/>
    <testcase name="testSqLiteConnection" classname="coaching.jdbc.ConnectionFactoryTest" time="0.001"/>
    <testcase name="testMySqlConnectionFactory" classname="coaching.jdbc.ConnectionFactoryTest" time="0.0" ignored="true"/>
  </testsuite>
  <testsuite name="patterns.composite.CompositeTest" time="0.001">
    <testcase name="testOperation" classname="patterns.composite.CompositeTest" time="0.0"/>
    <testcase name="testGetChild" classname="patterns.composite.CompositeTest" time="0.001"/>
    <testcase name="testAdd" classname="patterns.composite.CompositeTest" time="0.0"/>
    <testcase name="type" classname="patterns.composite.CompositeTest" time="0.0"/>
    <testcase name="testCompositeTypicalUsage" classname="patterns.composite.CompositeTest" time="0.0"/>
    <testcase name="testRemove" classname="patterns.composite.CompositeTest" time="0.0"/>
  </testsuite>
  <testsuite name="coaching.types.ObjectTypesTest" time="0.003">
    <testcase name="testDisplay" classname="coaching.types.ObjectTypesTest" time="0.003"/>
  </testsuite>
  <testsuite name="coaching.solid.SingleResponsibilityPrincipleTest" time="0.005">
    <testcase name="testMultipleResponsibility" classname="coaching.solid.SingleResponsibilityPrincipleTest" time="0.002"/>
    <testcase name="testSingleResponsibility" classname="coaching.solid.SingleResponsibilityPrincipleTest" time="0.003"/>
  </testsuite>
  <testsuite name="coaching.associations.AggregateClassArrayTest" time="0.004">
    <testcase name="testExecute" classname="coaching.associations.AggregateClassArrayTest" time="0.004"/>
  </testsuite>
  <testsuite name="coaching.application.ApplicationTest" time="0.029">
    <testcase name="testApplicationArgs" classname="coaching.application.ApplicationTest" time="0.026"/>
    <testcase name="testApplicationMain" classname="coaching.application.ApplicationTest" time="0.001"/>
    <testcase name="testApplicationMainArgs" classname="coaching.application.ApplicationTest" time="0.001"/>
    <testcase name="testApplication" classname="coaching.application.ApplicationTest" time="0.001"/>
  </testsuite>
  <testsuite name="coaching.jdbc.EntityMetaDataTest" time="0.0">
    <testcase name="testEntityMetaData" classname="coaching.jdbc.EntityMetaDataTest" time="0.0" ignored="true"/>
  </testsuite>
  <testsuite name="coaching.fileio.CurrentWorkingDirectoryTest" time="0.002">
    <testcase name="testCurrentWorkingDirectory" classname="coaching.fileio.CurrentWorkingDirectoryTest" time="0.002"/>
  </testsuite>
  <testsuite name="patterns.decorator.DecoratorTest" time="0.003">
    <testcase name="testMissingOperationImplementation" classname="patterns.decorator.DecoratorTest" time="0.0"/>
    <testcase name="testDecoratedComponentOperation" classname="patterns.decorator.DecoratorTest" time="0.002"/>
    <testcase name="testAfterOperation" classname="patterns.decorator.DecoratorTest" time="0.0"/>
    <testcase name="testBeforeOperation" classname="patterns.decorator.DecoratorTest" time="0.001"/>
  </testsuite>
  <testsuite name="coaching.factory.ClassFactoryTest" time="0.002">
    <testcase name="testClassNameForMissing" classname="coaching.factory.ClassFactoryTest" time="0.001"/>
    <testcase name="testCreateString" classname="coaching.factory.ClassFactoryTest" time="0.0"/>
    <testcase name="testClassNameFor" classname="coaching.factory.ClassFactoryTest" time="0.0"/>
    <testcase name="testNewInstance" classname="coaching.factory.ClassFactoryTest" time="0.001"/>
    <testcase name="testCreate" classname="coaching.factory.ClassFactoryTest" time="0.0"/>
    <testcase name="testGetInstanceString" classname="coaching.factory.ClassFactoryTest" time="0.0"/>
    <testcase name="testGetInstance" classname="coaching.factory.ClassFactoryTest" time="0.0"/>
  </testsuite>
  <testsuite name="patterns.filter.FilterManagerTest" time="0.004">
    <testcase name="testFilter" classname="patterns.filter.FilterManagerTest" time="0.003"/>
    <testcase name="testFilterManager" classname="patterns.filter.FilterManagerTest" time="0.001"/>
  </testsuite>
  <testsuite name="coaching.jdbc.DaoToCsvTest" time="0.0">
    <testcase name="testJdbcToCsv" classname="coaching.jdbc.DaoToCsvTest" time="0.0" ignored="true"/>
  </testsuite>
  <testsuite name="coaching.pool.BlockingPoolTest" time="0.002">
    <testcase name="testTypicalUsage" classname="coaching.pool.BlockingPoolTest" time="0.002"/>
    <testcase name="testBlockingPool" classname="coaching.pool.BlockingPoolTest" time="0.0"/>
  </testsuite>
  <testsuite name="coaching.idioms.ConfigurationTest" time="0.002">
    <testcase name="testConfiguration" classname="coaching.idioms.ConfigurationTest" time="0.002"/>
  </testsuite>
  <testcase name="coaching.jdbc.PointbaseDaoTest" classname="coaching.jdbc.PointbaseDaoTest" time="0.0" ignored="true"/>
  <testsuite name="coaching.FooTest" time="0.0">
    <testcase name="testShowClassLoader" classname="coaching.FooTest" time="0.0"/>
  </testsuite>
  <testsuite name="patterns.singleton.StaticSingletonTest" time="0.002">
    <testcase name="testGetInstance" classname="patterns.singleton.StaticSingletonTest" time="0.002"/>
  </testsuite>
  <testsuite name="patterns.router.RouteTest" time="0.004">
    <testcase name="testRoute" classname="patterns.router.RouteTest" time="0.004"/>
  </testsuite>
  <testsuite name="coaching.tuples.KeyValueTest" time="0.001">
    <testcase name="testKeyValue" classname="coaching.tuples.KeyValueTest" time="0.001"/>
  </testsuite>
  <testsuite name="coaching.test.ExampleUnitTest" time="0.003">
    <testcase name="testTypicalAssumeGivenPasses" classname="coaching.test.ExampleUnitTest" time="0.001"/>
    <testcase name="testTypicalGivenWhenThenPasses" classname="coaching.test.ExampleUnitTest" time="0.0"/>
    <testcase name="testTypicalAssumeGivenFails" classname="coaching.test.ExampleUnitTest" time="0.001">
      <skipped>org.junit.AssumptionViolatedException: got: &lt;[null]&gt;, expected: every item is not null&#13;
	at org.junit.Assume.assumeThat(Assume.java:95)&#13;
	at org.junit.Assume.assumeNotNull(Assume.java:73)&#13;
	at coaching.test.ExampleUnitTest.testTypicalAssumeGivenFails(ExampleUnitTest.java:130)&#13;
	at sun.reflect.NativeMethodAccessorImpl.invoke0(Native Method)&#13;
	at sun.reflect.NativeMethodAccessorImpl.invoke(NativeMethodAccessorImpl.java:62)&#13;
	at sun.reflect.DelegatingMethodAccessorImpl.invoke(DelegatingMethodAccessorImpl.java:43)&#13;
	at java.lang.reflect.Method.invoke(Method.java:498)&#13;
	at org.junit.runners.model.FrameworkMethod$1.runReflectiveCall(FrameworkMethod.java:50)&#13;
	at org.junit.internal.runners.model.ReflectiveCallable.run(ReflectiveCallable.java:12)&#13;
	at org.junit.runners.model.FrameworkMethod.invokeExplosively(FrameworkMethod.java:47)&#13;
	at org.junit.internal.runners.statements.InvokeMethod.evaluate(InvokeMethod.java:17)&#13;
	at org.junit.internal.runners.statements.ExpectException.evaluate(ExpectException.java:19)&#13;
	at org.junit.runners.ParentRunner.runLeaf(ParentRunner.java:325)&#13;
	at org.junit.runners.BlockJUnit4ClassRunner.runChild(BlockJUnit4ClassRunner.java:78)&#13;
	at org.junit.runners.BlockJUnit4ClassRunner.runChild(BlockJUnit4ClassRunner.java:57)&#13;
	at org.junit.runners.ParentRunner$3.run(ParentRunner.java:290)&#13;
	at org.junit.runners.ParentRunner$1.schedule(ParentRunner.java:71)&#13;
	at org.junit.runners.ParentRunner.runChildren(ParentRunner.java:288)&#13;
	at org.junit.runners.ParentRunner.access$000(ParentRunner.java:58)&#13;
	at org.junit.runners.ParentRunner$2.evaluate(ParentRunner.java:268)&#13;
	at org.junit.runners.ParentRunner.run(ParentRunner.java:363)&#13;
	at org.eclipse.jdt.internal.junit4.runner.JUnit4TestReference.run(JUnit4TestReference.java:89)&#13;
	at org.eclipse.jdt.internal.junit.runner.TestExecution.run(TestExecution.java:41)&#13;
	at org.eclipse.jdt.internal.junit.runner.RemoteTestRunner.runTests(RemoteTestRunner.java:541)&#13;
	at org.eclipse.jdt.internal.junit.runner.RemoteTestRunner.runTests(RemoteTestRunner.java:763)&#13;
	at org.eclipse.jdt.internal.junit.runner.RemoteTestRunner.run(RemoteTestRunner.java:463)&#13;
	at org.eclipse.jdt.internal.junit.runner.RemoteTestRunner.main(RemoteTestRunner.java:209)&#13;
&#13;
</skipped>
    </testcase>
    <testcase name="testTypicalFailAssertGiven" classname="coaching.test.ExampleUnitTest" time="0.0"/>
    <testcase name="testTypicalFailAssumeGiven" classname="coaching.test.ExampleUnitTest" time="0.001">
      <skipped>org.junit.AssumptionViolatedException: got: &lt;[null]&gt;, expected: every item is not null&#13;
	at org.junit.Assume.assumeThat(Assume.java:95)&#13;
	at org.junit.Assume.assumeNotNull(Assume.java:73)&#13;
	at coaching.test.ExampleUnitTest.testTypicalFailAssumeGiven(ExampleUnitTest.java:147)&#13;
	at sun.reflect.NativeMethodAccessorImpl.invoke0(Native Method)&#13;
	at sun.reflect.NativeMethodAccessorImpl.invoke(NativeMethodAccessorImpl.java:62)&#13;
	at sun.reflect.DelegatingMethodAccessorImpl.invoke(DelegatingMethodAccessorImpl.java:43)&#13;
	at java.lang.reflect.Method.invoke(Method.java:498)&#13;
	at org.junit.runners.model.FrameworkMethod$1.runReflectiveCall(FrameworkMethod.java:50)&#13;
	at org.junit.internal.runners.model.ReflectiveCallable.run(ReflectiveCallable.java:12)&#13;
	at org.junit.runners.model.FrameworkMethod.invokeExplosively(FrameworkMethod.java:47)&#13;
	at org.junit.internal.runners.statements.InvokeMethod.evaluate(InvokeMethod.java:17)&#13;
	at org.junit.internal.runners.statements.ExpectException.evaluate(ExpectException.java:19)&#13;
	at org.junit.runners.ParentRunner.runLeaf(ParentRunner.java:325)&#13;
	at org.junit.runners.BlockJUnit4ClassRunner.runChild(BlockJUnit4ClassRunner.java:78)&#13;
	at org.junit.runners.BlockJUnit4ClassRunner.runChild(BlockJUnit4ClassRunner.java:57)&#13;
	at org.junit.runners.ParentRunner$3.run(ParentRunner.java:290)&#13;
	at org.junit.runners.ParentRunner$1.schedule(ParentRunner.java:71)&#13;
	at org.junit.runners.ParentRunner.runChildren(ParentRunner.java:288)&#13;
	at org.junit.runners.ParentRunner.access$000(ParentRunner.java:58)&#13;
	at org.junit.runners.ParentRunner$2.evaluate(ParentRunner.java:268)&#13;
	at org.junit.runners.ParentRunner.run(ParentRunner.java:363)&#13;
	at org.eclipse.jdt.internal.junit4.runner.JUnit4TestReference.run(JUnit4TestReference.java:89)&#13;
	at org.eclipse.jdt.internal.junit.runner.TestExecution.run(TestExecution.java:41)&#13;
	at org.eclipse.jdt.internal.junit.runner.RemoteTestRunner.runTests(RemoteTestRunner.java:541)&#13;
	at org.eclipse.jdt.internal.junit.runner.RemoteTestRunner.runTests(RemoteTestRunner.java:763)&#13;
	at org.eclipse.jdt.internal.junit.runner.RemoteTestRunner.run(RemoteTestRunner.java:463)&#13;
	at org.eclipse.jdt.internal.junit.runner.RemoteTestRunner.main(RemoteTestRunner.java:209)&#13;
&#13;
</skipped>
    </testcase>
  </testsuite>
  <testsuite name="patterns.chain.ChainOfResponsibilityTest" time="0.003">
    <testcase name="testHandleRequest" classname="patterns.chain.ChainOfResponsibilityTest" time="0.003"/>
  </testsuite>
  <testsuite name="coaching.collections.TableRowTest" time="0.003">
    <testcase name="testTableRow" classname="coaching.collections.TableRowTest" time="0.001"/>
    <testcase name="testTableRowString" classname="coaching.collections.TableRowTest" time="0.001"/>
    <testcase name="testTableRowStringString" classname="coaching.collections.TableRowTest" time="0.001"/>
  </testsuite>
  <testsuite name="coaching.config.PlatformConfigTest" time="0.001">
    <testcase name="testPlatformConfig" classname="coaching.config.PlatformConfigTest" time="0.001"/>
  </testsuite>
  <testsuite name="patterns.transaction.ConcreteParticipantTest" time="0.001">
    <testcase name="testCommit" classname="patterns.transaction.ConcreteParticipantTest" time="0.001"/>
  </testsuite>
  <testsuite name="coaching.exceptions.CustomExceptionHandlingTest" time="0.007">
    <testcase name="testSubProcessA" classname="coaching.exceptions.CustomExceptionHandlingTest" time="0.002"/>
    <testcase name="testSubProcessB" classname="coaching.exceptions.CustomExceptionHandlingTest" time="0.0"/>
    <testcase name="testSubProcessC" classname="coaching.exceptions.CustomExceptionHandlingTest" time="0.0"/>
    <testcase name="catchBaseCustomException" classname="coaching.exceptions.CustomExceptionHandlingTest" time="0.001"/>
    <testcase name="catchMultiExceptions" classname="coaching.exceptions.CustomExceptionHandlingTest" time="0.0"/>
    <testcase name="catchEachException" classname="coaching.exceptions.CustomExceptionHandlingTest" time="0.001"/>
    <testcase name="propagateException" classname="coaching.exceptions.CustomExceptionHandlingTest" time="0.0"/>
    <testcase name="failsafeProcess" classname="coaching.exceptions.CustomExceptionHandlingTest" time="0.002"/>
    <testcase name="nestedProcess" classname="coaching.exceptions.CustomExceptionHandlingTest" time="0.001"/>
  </testsuite>
  <testsuite name="patterns.mediator.ColleagueTest" time="0.001">
    <testcase name="testColleague" classname="patterns.mediator.ColleagueTest" time="0.001"/>
  </testsuite>
  <testsuite name="coaching.csv.CsvFileTest" time="0.007">
    <testcase name="testCsvFileHeader" classname="coaching.csv.CsvFileTest" time="0.004"/>
    <testcase name="testCsvFileString" classname="coaching.csv.CsvFileTest" time="0.001"/>
    <testcase name="testCsvFileRecords" classname="coaching.csv.CsvFileTest" time="0.001"/>
    <testcase name="testCsvFile" classname="coaching.csv.CsvFileTest" time="0.001"/>
  </testsuite>
  <testsuite name="patterns.session.SessionTrackerTest" time="0.003">
    <testcase name="testTypicalUsage" classname="patterns.session.SessionTrackerTest" time="0.002"/>
    <testcase name="type" classname="patterns.session.SessionTrackerTest" time="0.001"/>
    <testcase name="instantiation" classname="patterns.session.SessionTrackerTest" time="0.0"/>
  </testsuite>
  <testsuite name="coaching.csv.CsvRecordTest" time="0.001">
    <testcase name="testCsvRecordString" classname="coaching.csv.CsvRecordTest" time="0.0"/>
    <testcase name="testCsvRecord" classname="coaching.csv.CsvRecordTest" time="0.001"/>
  </testsuite>
  <testsuite name="coaching.idioms.FluentWaitTest" time="1.019">
    <testcase name="testFluentWaitDefault" classname="coaching.idioms.FluentWaitTest" time="0.002"/>
    <testcase name="testWaitUntilConditionFalse" classname="coaching.idioms.FluentWaitTest" time="1.015"/>
    <testcase name="testFluentWaitWithOverrides" classname="coaching.idioms.FluentWaitTest" time="0.001"/>
    <testcase name="testWaitUntilConditionTrue" classname="coaching.idioms.FluentWaitTest" time="0.001"/>
  </testsuite>
  <testsuite name="patterns.hopp.RemoteObjectTest" time="0.007">
    <testcase name="testTypicalUsage" classname="patterns.hopp.RemoteObjectTest" time="0.005"/>
    <testcase name="testLocalMethod" classname="patterns.hopp.RemoteObjectTest" time="0.001"/>
    <testcase name="testRemoteMethod" classname="patterns.hopp.RemoteObjectTest" time="0.001"/>
  </testsuite>
  <testsuite name="patterns.observer.ObserverTest" time="0.008">
    <testcase name="testUpdate" classname="patterns.observer.ObserverTest" time="0.008"/>
  </testsuite>
  <testsuite name="coaching.idioms.EnumTest" time="0.003">
    <testcase name="testMissing" classname="coaching.idioms.EnumTest" time="0.003"/>
  </testsuite>
  <testcase name="coaching.jdbc.SqLiteDaoTest" classname="coaching.jdbc.SqLiteDaoTest" time="0.001" ignored="true"/>
  <testsuite name="patterns.proxy.ProxySubjectTest" time="0.005">
    <testcase name="testRequest" classname="patterns.proxy.ProxySubjectTest" time="0.005"/>
  </testsuite>
  <testsuite name="coaching.exceptions.CheckedExceptionTest" time="0.0">
    <testcase name="testCheckedException" classname="coaching.exceptions.CheckedExceptionTest" time="0.0"/>
  </testsuite>
  <testsuite name="coaching.idioms.EnumExampleTest" time="0.002">
    <testcase name="testEnumExample" classname="coaching.idioms.EnumExampleTest" time="0.002"/>
    <testcase name="testFromString" classname="coaching.idioms.EnumExampleTest" time="0.0"/>
  </testsuite>
  <testsuite name="coaching.types.NativeTypesTest" time="0.002">
    <testcase name="testDisplay" classname="coaching.types.NativeTypesTest" time="0.002"/>
  </testsuite>
  <testsuite name="patterns.interpreter.DisjunctionTest" time="0.003">
    <testcase name="testDisjunction" classname="patterns.interpreter.DisjunctionTest" time="0.001"/>
    <testcase name="testInterpretFail" classname="patterns.interpreter.DisjunctionTest" time="0.002"/>
    <testcase name="testInterpretPass" classname="patterns.interpreter.DisjunctionTest" time="0.0"/>
  </testsuite>
  <testsuite name="coaching.resources.XmlResourceLoaderTest" time="1.279">
    <testcase name="testGetDatabaseXml" classname="coaching.resources.XmlResourceLoaderTest" time="0.069"/>
    <testcase name="testMissingConfiguration" classname="coaching.resources.XmlResourceLoaderTest" time="0.001"/>
    <testcase name="testGetConfigurationXml" classname="coaching.resources.XmlResourceLoaderTest" time="1.208"/>
  </testsuite>
  <testsuite name="patterns.hopp.RemoteObjectProxyTest" time="0.003">
    <testcase name="testTypicalUsage" classname="patterns.hopp.RemoteObjectProxyTest" time="0.002"/>
    <testcase name="testRemoteMethodProxy" classname="patterns.hopp.RemoteObjectProxyTest" time="0.0"/>
    <testcase name="testRemoteMethod" classname="patterns.hopp.RemoteObjectProxyTest" time="0.001"/>
  </testsuite>
  <testsuite name="coaching.BoxTest" time="0.002">
    <testcase name="testSomething" classname="coaching.BoxTest" time="0.002"/>
  </testsuite>
  <testsuite name="coaching.idioms.DateHelperTest" time="0.005">
    <testcase name="testNow" classname="coaching.idioms.DateHelperTest" time="0.004"/>
    <testcase name="testYesterday" classname="coaching.idioms.DateHelperTest" time="0.001"/>
    <testcase name="testTomorrow" classname="coaching.idioms.DateHelperTest" time="0.0"/>
  </testsuite>
  <testcase name="coaching.jdbc.XmlToDaoTest" classname="coaching.jdbc.XmlToDaoTest" time="0.001" ignored="true"/>
  <testsuite name="coaching.csv.CsvToXmlTest" time="0.004">
    <testcase name="testFluentInterface" classname="coaching.csv.CsvToXmlTest" time="0.004"/>
  </testsuite>
  <testsuite name="patterns.command.CommandParametersTest" time="0.005">
    <testcase name="testAbstractParametersStringString" classname="patterns.command.CommandParametersTest" time="0.004"/>
    <testcase name="testSetGetParameter" classname="patterns.command.CommandParametersTest" time="0.0"/>
    <testcase name="testCommandParameters" classname="patterns.command.CommandParametersTest" time="0.001"/>
  </testsuite>
  <testsuite name="coaching.jdbc.DynamicDaoTest" time="0.011">
    <testcase name="testDynamicDao" classname="coaching.jdbc.DynamicDaoTest" time="0.011"/>
  </testsuite>
  <testsuite name="coaching.wip.EnvironmentTest" time="0.0">
    <testcase name="testLogSystemProperties" classname="coaching.wip.EnvironmentTest" time="0.0"/>
  </testsuite>
  <testsuite name="coaching.SelectionTest" time="0.003">
    <testcase name="testExampleSwitchString" classname="coaching.SelectionTest" time="0.0"/>
    <testcase name="testExampleIfElse" classname="coaching.SelectionTest" time="0.0"/>
    <testcase name="testExampleIfTrue" classname="coaching.SelectionTest" time="0.001"/>
    <testcase name="testExampleSwitchEnum" classname="coaching.SelectionTest" time="0.001"/>
    <testcase name="testExampleElseIfTrue" classname="coaching.SelectionTest" time="0.0"/>
    <testcase name="testExampleIfFalse" classname="coaching.SelectionTest" time="0.0"/>
    <testcase name="testExampleSwitchInt" classname="coaching.SelectionTest" time="0.001"/>
  </testsuite>
  <testsuite name="coaching.bags.GenericBagTest" time="0.005">
    <testcase name="testGenericBagTArray" classname="coaching.bags.GenericBagTest" time="0.002"/>
    <testcase name="testReset" classname="coaching.bags.GenericBagTest" time="0.001"/>
    <testcase name="testAddT" classname="coaching.bags.GenericBagTest" time="0.0"/>
    <testcase name="testPick" classname="coaching.bags.GenericBagTest" time="0.0"/>
    <testcase name="testGenericBagNull" classname="coaching.bags.GenericBagTest" time="0.001"/>
    <testcase name="testFillVargs" classname="coaching.bags.GenericBagTest" time="0.0"/>
    <testcase name="testGenericBag" classname="coaching.bags.GenericBagTest" time="0.0"/>
    <testcase name="testFillNull" classname="coaching.bags.GenericBagTest" time="0.0"/>
    <testcase name="testGenericBagVargs" classname="coaching.bags.GenericBagTest" time="0.0"/>
    <testcase name="testChoose" classname="coaching.bags.GenericBagTest" time="0.001"/>
    <testcase name="testFillStringArray" classname="coaching.bags.GenericBagTest" time="0.0"/>
    <testcase name="testGenericBagStringArray" classname="coaching.bags.GenericBagTest" time="0.0"/>
  </testsuite>
  <testsuite name="coaching.idioms.TimeStampTest" time="0.003">
    <testcase name="testTimeStampNow" classname="coaching.idioms.TimeStampTest" time="0.002"/>
    <testcase name="testTimeStamp" classname="coaching.idioms.TimeStampTest" time="0.001"/>
  </testsuite>
  <testsuite name="coaching.pool.ConcurrentPoolTest" time="0.003">
    <testcase name="testTypicalUsage" classname="coaching.pool.ConcurrentPoolTest" time="0.002"/>
    <testcase name="testAbstractResourcePool" classname="coaching.pool.ConcurrentPoolTest" time="0.0"/>
    <testcase name="testConcurrentPool" classname="coaching.pool.ConcurrentPoolTest" time="0.0"/>
  </testsuite>
  <testsuite name="coaching.thread.MainAppTest" time="0.002">
    <testcase name="testMainApp" classname="coaching.thread.MainAppTest" time="0.002"/>
  </testsuite>
  <testsuite name="coaching.associations.CompositeClassArrayTest" time="0.002">
    <testcase name="testCompositeClassArray" classname="coaching.associations.CompositeClassArrayTest" time="0.002"/>
  </testsuite>
  <testsuite name="coaching.logging.StaticLoggingTest" time="0.002">
    <testcase name="testSendLogTo" classname="coaching.logging.StaticLoggingTest" time="0.001"/>
    <testcase name="testSendToLog" classname="coaching.logging.StaticLoggingTest" time="0.001"/>
  </testsuite>
  <testsuite name="coaching.idioms.FileHelperTest" time="0.019">
    <testcase name="testToStringString" classname="coaching.idioms.FileHelperTest" time="0.019"/>
  </testsuite>
  <testsuite name="coaching.associations.CompositeTest" time="0.001">
    <testcase name="testComposite" classname="coaching.associations.CompositeTest" time="0.001"/>
  </testsuite>
  <testsuite name="coaching.tuples.TupleTest" time="0.002">
    <testcase name="testObjectTuple" classname="coaching.tuples.TupleTest" time="0.001"/>
    <testcase name="testFloatTuple" classname="coaching.tuples.TupleTest" time="0.0"/>
    <testcase name="testTupleLR" classname="coaching.tuples.TupleTest" time="0.0"/>
    <testcase name="testPoint" classname="coaching.tuples.TupleTest" time="0.001"/>
    <testcase name="testTuple" classname="coaching.tuples.TupleTest" time="0.0"/>
    <testcase name="testStringTuple" classname="coaching.tuples.TupleTest" time="0.0"/>
  </testsuite>
  <testsuite name="coaching.exceptions.UnCheckedExceptionTest" time="0.0">
    <testcase name="testUnCheckedException" classname="coaching.exceptions.UnCheckedExceptionTest" time="0.0"/>
  </testsuite>
  <testsuite name="coaching.idioms.StaticLoggingTest" time="0.0">
    <testcase name="testSendToLog" classname="coaching.idioms.StaticLoggingTest" time="0.0"/>
  </testsuite>
  <testsuite name="patterns.singleton.SingletonTest" time="0.001">
    <testcase name="testSingleton" classname="patterns.singleton.SingletonTest" time="0.001"/>
  </testsuite>
  <testsuite name="coaching.net.NetInfoTest" time="2.628">
    <testcase name="testNetInfo" classname="coaching.net.NetInfoTest" time="2.628"/>
  </testsuite>
  <testsuite name="coaching.jdbc.JdbcBaseTest" time="0.019">
    <testcase name="testJdbcBase" classname="coaching.jdbc.JdbcBaseTest" time="0.001"/>
    <testcase name="testQueryString" classname="coaching.jdbc.JdbcBaseTest" time="0.001"/>
    <testcase name="testQuery" classname="coaching.jdbc.JdbcBaseTest" time="0.002"/>
    <testcase name="testBodyToString" classname="coaching.jdbc.JdbcBaseTest" time="0.0"/>
    <testcase name="testColumnLabels" classname="coaching.jdbc.JdbcBaseTest" time="0.001"/>
    <testcase name="testPreparedStatement" classname="coaching.jdbc.JdbcBaseTest" time="0.014"/>
  </testsuite>
  <testsuite name="coaching.application.SchedulerTest" time="0.019">
    <testcase name="testSchedulerNullResourceName" classname="coaching.application.SchedulerTest" time="0.007"/>
    <testcase name="testSchedulerExecuteProperties" classname="coaching.application.SchedulerTest" time="0.003">
      <failure>coaching.resources.ResourceNotLoadedException: Resource file ExampleScheduler.xml not found&#13;
	at coaching.resources.ResourceLoader.getStream(ResourceLoader.java:47)&#13;
	at coaching.resources.XmlResourceLoader.getXmlResource(XmlResourceLoader.java:59)&#13;
	at coaching.application.AbstractScheduler.initialise(AbstractScheduler.java:86)&#13;
	at coaching.application.AbstractScheduler.&lt;init&gt;(AbstractScheduler.java:38)&#13;
	at coaching.application.ExampleScheduler.&lt;init&gt;(ExampleScheduler.java:15)&#13;
	at coaching.application.SchedulerTest.testSchedulerExecuteProperties(SchedulerTest.java:133)&#13;
	at sun.reflect.NativeMethodAccessorImpl.invoke0(Native Method)&#13;
	at sun.reflect.NativeMethodAccessorImpl.invoke(NativeMethodAccessorImpl.java:62)&#13;
	at sun.reflect.DelegatingMethodAccessorImpl.invoke(DelegatingMethodAccessorImpl.java:43)&#13;
	at java.lang.reflect.Method.invoke(Method.java:498)&#13;
	at org.junit.runners.model.FrameworkMethod$1.runReflectiveCall(FrameworkMethod.java:50)&#13;
	at org.junit.internal.runners.model.ReflectiveCallable.run(ReflectiveCallable.java:12)&#13;
	at org.junit.runners.model.FrameworkMethod.invokeExplosively(FrameworkMethod.java:47)&#13;
	at org.junit.internal.runners.statements.InvokeMethod.evaluate(InvokeMethod.java:17)&#13;
	at org.junit.runners.ParentRunner.runLeaf(ParentRunner.java:325)&#13;
	at org.junit.runners.BlockJUnit4ClassRunner.runChild(BlockJUnit4ClassRunner.java:78)&#13;
	at org.junit.runners.BlockJUnit4ClassRunner.runChild(BlockJUnit4ClassRunner.java:57)&#13;
	at org.junit.runners.ParentRunner$3.run(ParentRunner.java:290)&#13;
	at org.junit.runners.ParentRunner$1.schedule(ParentRunner.java:71)&#13;
	at org.junit.runners.ParentRunner.runChildren(ParentRunner.java:288)&#13;
	at org.junit.runners.ParentRunner.access$000(ParentRunner.java:58)&#13;
	at org.junit.runners.ParentRunner$2.evaluate(ParentRunner.java:268)&#13;
	at org.junit.runners.ParentRunner.run(ParentRunner.java:363)&#13;
	at org.eclipse.jdt.internal.junit4.runner.JUnit4TestReference.run(JUnit4TestReference.java:89)&#13;
	at org.eclipse.jdt.internal.junit.runner.TestExecution.run(TestExecution.java:41)&#13;
	at org.eclipse.jdt.internal.junit.runner.RemoteTestRunner.runTests(RemoteTestRunner.java:541)&#13;
	at org.eclipse.jdt.internal.junit.runner.RemoteTestRunner.runTests(RemoteTestRunner.java:763)&#13;
	at org.eclipse.jdt.internal.junit.runner.RemoteTestRunner.run(RemoteTestRunner.java:463)&#13;
	at org.eclipse.jdt.internal.junit.runner.RemoteTestRunner.main(RemoteTestRunner.java:209)&#13;
&#13;
</failure>
    </testcase>
    <testcase name="testSchedulerNullStringArray" classname="coaching.application.SchedulerTest" time="0.002">
      <failure>coaching.resources.ResourceNotLoadedException: Resource file ExampleScheduler.xml not found&#13;
	at coaching.resources.ResourceLoader.getStream(ResourceLoader.java:47)&#13;
	at coaching.resources.XmlResourceLoader.getXmlResource(XmlResourceLoader.java:59)&#13;
	at coaching.application.AbstractScheduler.initialise(AbstractScheduler.java:86)&#13;
	at coaching.application.AbstractScheduler.&lt;init&gt;(AbstractScheduler.java:66)&#13;
	at coaching.application.ExampleScheduler.&lt;init&gt;(ExampleScheduler.java:42)&#13;
	at coaching.application.SchedulerTest.testSchedulerNullStringArray(SchedulerTest.java:51)&#13;
	at sun.reflect.NativeMethodAccessorImpl.invoke0(Native Method)&#13;
	at sun.reflect.NativeMethodAccessorImpl.invoke(NativeMethodAccessorImpl.java:62)&#13;
	at sun.reflect.DelegatingMethodAccessorImpl.invoke(DelegatingMethodAccessorImpl.java:43)&#13;
	at java.lang.reflect.Method.invoke(Method.java:498)&#13;
	at org.junit.runners.model.FrameworkMethod$1.runReflectiveCall(FrameworkMethod.java:50)&#13;
	at org.junit.internal.runners.model.ReflectiveCallable.run(ReflectiveCallable.java:12)&#13;
	at org.junit.runners.model.FrameworkMethod.invokeExplosively(FrameworkMethod.java:47)&#13;
	at org.junit.internal.runners.statements.InvokeMethod.evaluate(InvokeMethod.java:17)&#13;
	at org.junit.runners.ParentRunner.runLeaf(ParentRunner.java:325)&#13;
	at org.junit.runners.BlockJUnit4ClassRunner.runChild(BlockJUnit4ClassRunner.java:78)&#13;
	at org.junit.runners.BlockJUnit4ClassRunner.runChild(BlockJUnit4ClassRunner.java:57)&#13;
	at org.junit.runners.ParentRunner$3.run(ParentRunner.java:290)&#13;
	at org.junit.runners.ParentRunner$1.schedule(ParentRunner.java:71)&#13;
	at org.junit.runners.ParentRunner.runChildren(ParentRunner.java:288)&#13;
	at org.junit.runners.ParentRunner.access$000(ParentRunner.java:58)&#13;
	at org.junit.runners.ParentRunner$2.evaluate(ParentRunner.java:268)&#13;
	at org.junit.runners.ParentRunner.run(ParentRunner.java:363)&#13;
	at org.eclipse.jdt.internal.junit4.runner.JUnit4TestReference.run(JUnit4TestReference.java:89)&#13;
	at org.eclipse.jdt.internal.junit.runner.TestExecution.run(TestExecution.java:41)&#13;
	at org.eclipse.jdt.internal.junit.runner.RemoteTestRunner.runTests(RemoteTestRunner.java:541)&#13;
	at org.eclipse.jdt.internal.junit.runner.RemoteTestRunner.runTests(RemoteTestRunner.java:763)&#13;
	at org.eclipse.jdt.internal.junit.runner.RemoteTestRunner.run(RemoteTestRunner.java:463)&#13;
	at org.eclipse.jdt.internal.junit.runner.RemoteTestRunner.main(RemoteTestRunner.java:209)&#13;
&#13;
</failure>
    </testcase>
    <testcase name="testSchedulerStringArray" classname="coaching.application.SchedulerTest" time="0.001">
      <failure>coaching.resources.ResourceNotLoadedException: Resource file ExampleScheduler.xml not found&#13;
	at coaching.resources.ResourceLoader.getStream(ResourceLoader.java:47)&#13;
	at coaching.resources.XmlResourceLoader.getXmlResource(XmlResourceLoader.java:59)&#13;
	at coaching.application.AbstractScheduler.initialise(AbstractScheduler.java:86)&#13;
	at coaching.application.AbstractScheduler.initialise(AbstractScheduler.java:114)&#13;
	at coaching.application.AbstractScheduler.&lt;init&gt;(AbstractScheduler.java:64)&#13;
	at coaching.application.ExampleScheduler.&lt;init&gt;(ExampleScheduler.java:42)&#13;
	at coaching.application.SchedulerTest.testSchedulerStringArray(SchedulerTest.java:39)&#13;
	at sun.reflect.NativeMethodAccessorImpl.invoke0(Native Method)&#13;
	at sun.reflect.NativeMethodAccessorImpl.invoke(NativeMethodAccessorImpl.java:62)&#13;
	at sun.reflect.DelegatingMethodAccessorImpl.invoke(DelegatingMethodAccessorImpl.java:43)&#13;
	at java.lang.reflect.Method.invoke(Method.java:498)&#13;
	at org.junit.runners.model.FrameworkMethod$1.runReflectiveCall(FrameworkMethod.java:50)&#13;
	at org.junit.internal.runners.model.ReflectiveCallable.run(ReflectiveCallable.java:12)&#13;
	at org.junit.runners.model.FrameworkMethod.invokeExplosively(FrameworkMethod.java:47)&#13;
	at org.junit.internal.runners.statements.InvokeMethod.evaluate(InvokeMethod.java:17)&#13;
	at org.junit.runners.ParentRunner.runLeaf(ParentRunner.java:325)&#13;
	at org.junit.runners.BlockJUnit4ClassRunner.runChild(BlockJUnit4ClassRunner.java:78)&#13;
	at org.junit.runners.BlockJUnit4ClassRunner.runChild(BlockJUnit4ClassRunner.java:57)&#13;
	at org.junit.runners.ParentRunner$3.run(ParentRunner.java:290)&#13;
	at org.junit.runners.ParentRunner$1.schedule(ParentRunner.java:71)&#13;
	at org.junit.runners.ParentRunner.runChildren(ParentRunner.java:288)&#13;
	at org.junit.runners.ParentRunner.access$000(ParentRunner.java:58)&#13;
	at org.junit.runners.ParentRunner$2.evaluate(ParentRunner.java:268)&#13;
	at org.junit.runners.ParentRunner.run(ParentRunner.java:363)&#13;
	at org.eclipse.jdt.internal.junit4.runner.JUnit4TestReference.run(JUnit4TestReference.java:89)&#13;
	at org.eclipse.jdt.internal.junit.runner.TestExecution.run(TestExecution.java:41)&#13;
	at org.eclipse.jdt.internal.junit.runner.RemoteTestRunner.runTests(RemoteTestRunner.java:541)&#13;
	at org.eclipse.jdt.internal.junit.runner.RemoteTestRunner.runTests(RemoteTestRunner.java:763)&#13;
	at org.eclipse.jdt.internal.junit.runner.RemoteTestRunner.run(RemoteTestRunner.java:463)&#13;
	at org.eclipse.jdt.internal.junit.runner.RemoteTestRunner.main(RemoteTestRunner.java:209)&#13;
&#13;
</failure>
    </testcase>
    <testcase name="testSchedulerMissingResource" classname="coaching.application.SchedulerTest" time="0.001">
      <failure>coaching.resources.ResourceNotLoadedException: Resource file Missing.xml.properties not found&#13;
	at coaching.resources.ResourceLoader.getStream(ResourceLoader.java:47)&#13;
	at coaching.resources.PropertiesLoader.getProperties(PropertiesLoader.java:47)&#13;
	at coaching.application.AbstractScheduler.initialise(AbstractScheduler.java:96)&#13;
	at coaching.application.AbstractScheduler.&lt;init&gt;(AbstractScheduler.java:50)&#13;
	at coaching.application.ExampleScheduler.&lt;init&gt;(ExampleScheduler.java:33)&#13;
	at coaching.application.SchedulerTest.testSchedulerMissingResource(SchedulerTest.java:87)&#13;
	at sun.reflect.NativeMethodAccessorImpl.invoke0(Native Method)&#13;
	at sun.reflect.NativeMethodAccessorImpl.invoke(NativeMethodAccessorImpl.java:62)&#13;
	at sun.reflect.DelegatingMethodAccessorImpl.invoke(DelegatingMethodAccessorImpl.java:43)&#13;
	at java.lang.reflect.Method.invoke(Method.java:498)&#13;
	at org.junit.runners.model.FrameworkMethod$1.runReflectiveCall(FrameworkMethod.java:50)&#13;
	at org.junit.internal.runners.model.ReflectiveCallable.run(ReflectiveCallable.java:12)&#13;
	at org.junit.runners.model.FrameworkMethod.invokeExplosively(FrameworkMethod.java:47)&#13;
	at org.junit.internal.runners.statements.InvokeMethod.evaluate(InvokeMethod.java:17)&#13;
	at org.junit.runners.ParentRunner.runLeaf(ParentRunner.java:325)&#13;
	at org.junit.runners.BlockJUnit4ClassRunner.runChild(BlockJUnit4ClassRunner.java:78)&#13;
	at org.junit.runners.BlockJUnit4ClassRunner.runChild(BlockJUnit4ClassRunner.java:57)&#13;
	at org.junit.runners.ParentRunner$3.run(ParentRunner.java:290)&#13;
	at org.junit.runners.ParentRunner$1.schedule(ParentRunner.java:71)&#13;
	at org.junit.runners.ParentRunner.runChildren(ParentRunner.java:288)&#13;
	at org.junit.runners.ParentRunner.access$000(ParentRunner.java:58)&#13;
	at org.junit.runners.ParentRunner$2.evaluate(ParentRunner.java:268)&#13;
	at org.junit.runners.ParentRunner.run(ParentRunner.java:363)&#13;
	at org.eclipse.jdt.internal.junit4.runner.JUnit4TestReference.run(JUnit4TestReference.java:89)&#13;
	at org.eclipse.jdt.internal.junit.runner.TestExecution.run(TestExecution.java:41)&#13;
	at org.eclipse.jdt.internal.junit.runner.RemoteTestRunner.runTests(RemoteTestRunner.java:541)&#13;
	at org.eclipse.jdt.internal.junit.runner.RemoteTestRunner.runTests(RemoteTestRunner.java:763)&#13;
	at org.eclipse.jdt.internal.junit.runner.RemoteTestRunner.run(RemoteTestRunner.java:463)&#13;
	at org.eclipse.jdt.internal.junit.runner.RemoteTestRunner.main(RemoteTestRunner.java:209)&#13;
&#13;
</failure>
    </testcase>
    <testcase name="testScheduler" classname="coaching.application.SchedulerTest" time="0.001">
      <failure>coaching.resources.ResourceNotLoadedException: Resource file ExampleScheduler.xml not found&#13;
	at coaching.resources.ResourceLoader.getStream(ResourceLoader.java:47)&#13;
	at coaching.resources.XmlResourceLoader.getXmlResource(XmlResourceLoader.java:59)&#13;
	at coaching.application.AbstractScheduler.initialise(AbstractScheduler.java:86)&#13;
	at coaching.application.AbstractScheduler.&lt;init&gt;(AbstractScheduler.java:38)&#13;
	at coaching.application.ExampleScheduler.&lt;init&gt;(ExampleScheduler.java:15)&#13;
	at coaching.application.SchedulerTest.testScheduler(SchedulerTest.java:27)&#13;
	at sun.reflect.NativeMethodAccessorImpl.invoke0(Native Method)&#13;
	at sun.reflect.NativeMethodAccessorImpl.invoke(NativeMethodAccessorImpl.java:62)&#13;
	at sun.reflect.DelegatingMethodAccessorImpl.invoke(DelegatingMethodAccessorImpl.java:43)&#13;
	at java.lang.reflect.Method.invoke(Method.java:498)&#13;
	at org.junit.runners.model.FrameworkMethod$1.runReflectiveCall(FrameworkMethod.java:50)&#13;
	at org.junit.internal.runners.model.ReflectiveCallable.run(ReflectiveCallable.java:12)&#13;
	at org.junit.runners.model.FrameworkMethod.invokeExplosively(FrameworkMethod.java:47)&#13;
	at org.junit.internal.runners.statements.InvokeMethod.evaluate(InvokeMethod.java:17)&#13;
	at org.junit.runners.ParentRunner.runLeaf(ParentRunner.java:325)&#13;
	at org.junit.runners.BlockJUnit4ClassRunner.runChild(BlockJUnit4ClassRunner.java:78)&#13;
	at org.junit.runners.BlockJUnit4ClassRunner.runChild(BlockJUnit4ClassRunner.java:57)&#13;
	at org.junit.runners.ParentRunner$3.run(ParentRunner.java:290)&#13;
	at org.junit.runners.ParentRunner$1.schedule(ParentRunner.java:71)&#13;
	at org.junit.runners.ParentRunner.runChildren(ParentRunner.java:288)&#13;
	at org.junit.runners.ParentRunner.access$000(ParentRunner.java:58)&#13;
	at org.junit.runners.ParentRunner$2.evaluate(ParentRunner.java:268)&#13;
	at org.junit.runners.ParentRunner.run(ParentRunner.java:363)&#13;
	at org.eclipse.jdt.internal.junit4.runner.JUnit4TestReference.run(JUnit4TestReference.java:89)&#13;
	at org.eclipse.jdt.internal.junit.runner.TestExecution.run(TestExecution.java:41)&#13;
	at org.eclipse.jdt.internal.junit.runner.RemoteTestRunner.runTests(RemoteTestRunner.java:541)&#13;
	at org.eclipse.jdt.internal.junit.runner.RemoteTestRunner.runTests(RemoteTestRunner.java:763)&#13;
	at org.eclipse.jdt.internal.junit.runner.RemoteTestRunner.run(RemoteTestRunner.java:463)&#13;
	at org.eclipse.jdt.internal.junit.runner.RemoteTestRunner.main(RemoteTestRunner.java:209)&#13;
&#13;
</failure>
    </testcase>
    <testcase name="testSchedulerResourceName" classname="coaching.application.SchedulerTest" time="0.001">
      <failure>coaching.resources.ResourceNotLoadedException: Resource file ExampleScheduler.xml not found&#13;
	at coaching.resources.ResourceLoader.getStream(ResourceLoader.java:47)&#13;
	at coaching.resources.XmlResourceLoader.getXmlResource(XmlResourceLoader.java:59)&#13;
	at coaching.application.AbstractScheduler.initialise(AbstractScheduler.java:102)&#13;
	at coaching.application.AbstractScheduler.&lt;init&gt;(AbstractScheduler.java:50)&#13;
	at coaching.application.ExampleScheduler.&lt;init&gt;(ExampleScheduler.java:33)&#13;
	at coaching.application.SchedulerTest.testSchedulerResourceName(SchedulerTest.java:63)&#13;
	at sun.reflect.NativeMethodAccessorImpl.invoke0(Native Method)&#13;
	at sun.reflect.NativeMethodAccessorImpl.invoke(NativeMethodAccessorImpl.java:62)&#13;
	at sun.reflect.DelegatingMethodAccessorImpl.invoke(DelegatingMethodAccessorImpl.java:43)&#13;
	at java.lang.reflect.Method.invoke(Method.java:498)&#13;
	at org.junit.runners.model.FrameworkMethod$1.runReflectiveCall(FrameworkMethod.java:50)&#13;
	at org.junit.internal.runners.model.ReflectiveCallable.run(ReflectiveCallable.java:12)&#13;
	at org.junit.runners.model.FrameworkMethod.invokeExplosively(FrameworkMethod.java:47)&#13;
	at org.junit.internal.runners.statements.InvokeMethod.evaluate(InvokeMethod.java:17)&#13;
	at org.junit.runners.ParentRunner.runLeaf(ParentRunner.java:325)&#13;
	at org.junit.runners.BlockJUnit4ClassRunner.runChild(BlockJUnit4ClassRunner.java:78)&#13;
	at org.junit.runners.BlockJUnit4ClassRunner.runChild(BlockJUnit4ClassRunner.java:57)&#13;
	at org.junit.runners.ParentRunner$3.run(ParentRunner.java:290)&#13;
	at org.junit.runners.ParentRunner$1.schedule(ParentRunner.java:71)&#13;
	at org.junit.runners.ParentRunner.runChildren(ParentRunner.java:288)&#13;
	at org.junit.runners.ParentRunner.access$000(ParentRunner.java:58)&#13;
	at org.junit.runners.ParentRunner$2.evaluate(ParentRunner.java:268)&#13;
	at org.junit.runners.ParentRunner.run(ParentRunner.java:363)&#13;
	at org.eclipse.jdt.internal.junit4.runner.JUnit4TestReference.run(JUnit4TestReference.java:89)&#13;
	at org.eclipse.jdt.internal.junit.runner.TestExecution.run(TestExecution.java:41)&#13;
	at org.eclipse.jdt.internal.junit.runner.RemoteTestRunner.runTests(RemoteTestRunner.java:541)&#13;
	at org.eclipse.jdt.internal.junit.runner.RemoteTestRunner.runTests(RemoteTestRunner.java:763)&#13;
	at org.eclipse.jdt.internal.junit.runner.RemoteTestRunner.run(RemoteTestRunner.java:463)&#13;
	at org.eclipse.jdt.internal.junit.runner.RemoteTestRunner.main(RemoteTestRunner.java:209)&#13;
&#13;
</failure>
    </testcase>
    <testcase name="testSchedulerNullProperties" classname="coaching.application.SchedulerTest" time="0.001">
      <failure>coaching.resources.ResourceNotLoadedException: Resource file ExampleScheduler.xml not found&#13;
	at coaching.resources.ResourceLoader.getStream(ResourceLoader.java:47)&#13;
	at coaching.resources.XmlResourceLoader.getXmlResource(XmlResourceLoader.java:59)&#13;
	at coaching.application.AbstractScheduler.execute(AbstractScheduler.java:143)&#13;
	at coaching.application.SchedulerTest.testSchedulerNullProperties(SchedulerTest.java:124)&#13;
	at sun.reflect.NativeMethodAccessorImpl.invoke0(Native Method)&#13;
	at sun.reflect.NativeMethodAccessorImpl.invoke(NativeMethodAccessorImpl.java:62)&#13;
	at sun.reflect.DelegatingMethodAccessorImpl.invoke(DelegatingMethodAccessorImpl.java:43)&#13;
	at java.lang.reflect.Method.invoke(Method.java:498)&#13;
	at org.junit.runners.model.FrameworkMethod$1.runReflectiveCall(FrameworkMethod.java:50)&#13;
	at org.junit.internal.runners.model.ReflectiveCallable.run(ReflectiveCallable.java:12)&#13;
	at org.junit.runners.model.FrameworkMethod.invokeExplosively(FrameworkMethod.java:47)&#13;
	at org.junit.internal.runners.statements.InvokeMethod.evaluate(InvokeMethod.java:17)&#13;
	at org.junit.runners.ParentRunner.runLeaf(ParentRunner.java:325)&#13;
	at org.junit.runners.BlockJUnit4ClassRunner.runChild(BlockJUnit4ClassRunner.java:78)&#13;
	at org.junit.runners.BlockJUnit4ClassRunner.runChild(BlockJUnit4ClassRunner.java:57)&#13;
	at org.junit.runners.ParentRunner$3.run(ParentRunner.java:290)&#13;
	at org.junit.runners.ParentRunner$1.schedule(ParentRunner.java:71)&#13;
	at org.junit.runners.ParentRunner.runChildren(ParentRunner.java:288)&#13;
	at org.junit.runners.ParentRunner.access$000(ParentRunner.java:58)&#13;
	at org.junit.runners.ParentRunner$2.evaluate(ParentRunner.java:268)&#13;
	at org.junit.runners.ParentRunner.run(ParentRunner.java:363)&#13;
	at org.eclipse.jdt.internal.junit4.runner.JUnit4TestReference.run(JUnit4TestReference.java:89)&#13;
	at org.eclipse.jdt.internal.junit.runner.TestExecution.run(TestExecution.java:41)&#13;
	at org.eclipse.jdt.internal.junit.runner.RemoteTestRunner.runTests(RemoteTestRunner.java:541)&#13;
	at org.eclipse.jdt.internal.junit.runner.RemoteTestRunner.runTests(RemoteTestRunner.java:763)&#13;
	at org.eclipse.jdt.internal.junit.runner.RemoteTestRunner.run(RemoteTestRunner.java:463)&#13;
	at org.eclipse.jdt.internal.junit.runner.RemoteTestRunner.main(RemoteTestRunner.java:209)&#13;
&#13;
</failure>
    </testcase>
    <testcase name="testSchedulerProperties" classname="coaching.application.SchedulerTest" time="0.001">
      <failure>coaching.resources.ResourceNotLoadedException: Resource file ExampleScheduler.xml not found&#13;
	at coaching.resources.ResourceLoader.getStream(ResourceLoader.java:47)&#13;
	at coaching.resources.XmlResourceLoader.getXmlResource(XmlResourceLoader.java:59)&#13;
	at coaching.application.AbstractScheduler.execute(AbstractScheduler.java:143)&#13;
	at coaching.application.SchedulerTest.testSchedulerProperties(SchedulerTest.java:112)&#13;
	at sun.reflect.NativeMethodAccessorImpl.invoke0(Native Method)&#13;
	at sun.reflect.NativeMethodAccessorImpl.invoke(NativeMethodAccessorImpl.java:62)&#13;
	at sun.reflect.DelegatingMethodAccessorImpl.invoke(DelegatingMethodAccessorImpl.java:43)&#13;
	at java.lang.reflect.Method.invoke(Method.java:498)&#13;
	at org.junit.runners.model.FrameworkMethod$1.runReflectiveCall(FrameworkMethod.java:50)&#13;
	at org.junit.internal.runners.model.ReflectiveCallable.run(ReflectiveCallable.java:12)&#13;
	at org.junit.runners.model.FrameworkMethod.invokeExplosively(FrameworkMethod.java:47)&#13;
	at org.junit.internal.runners.statements.InvokeMethod.evaluate(InvokeMethod.java:17)&#13;
	at org.junit.runners.ParentRunner.runLeaf(ParentRunner.java:325)&#13;
	at org.junit.runners.BlockJUnit4ClassRunner.runChild(BlockJUnit4ClassRunner.java:78)&#13;
	at org.junit.runners.BlockJUnit4ClassRunner.runChild(BlockJUnit4ClassRunner.java:57)&#13;
	at org.junit.runners.ParentRunner$3.run(ParentRunner.java:290)&#13;
	at org.junit.runners.ParentRunner$1.schedule(ParentRunner.java:71)&#13;
	at org.junit.runners.ParentRunner.runChildren(ParentRunner.java:288)&#13;
	at org.junit.runners.ParentRunner.access$000(ParentRunner.java:58)&#13;
	at org.junit.runners.ParentRunner$2.evaluate(ParentRunner.java:268)&#13;
	at org.junit.runners.ParentRunner.run(ParentRunner.java:363)&#13;
	at org.eclipse.jdt.internal.junit4.runner.JUnit4TestReference.run(JUnit4TestReference.java:89)&#13;
	at org.eclipse.jdt.internal.junit.runner.TestExecution.run(TestExecution.java:41)&#13;
	at org.eclipse.jdt.internal.junit.runner.RemoteTestRunner.runTests(RemoteTestRunner.java:541)&#13;
	at org.eclipse.jdt.internal.junit.runner.RemoteTestRunner.runTests(RemoteTestRunner.java:763)&#13;
	at org.eclipse.jdt.internal.junit.runner.RemoteTestRunner.run(RemoteTestRunner.java:463)&#13;
	at org.eclipse.jdt.internal.junit.runner.RemoteTestRunner.main(RemoteTestRunner.java:209)&#13;
&#13;
</failure>
    </testcase>
    <testcase name="testSchedulerResourceNameExt" classname="coaching.application.SchedulerTest" time="0.0">
      <failure>coaching.resources.ResourceNotLoadedException: Resource file ExampleScheduler.xml.properties not found&#13;
	at coaching.resources.ResourceLoader.getStream(ResourceLoader.java:47)&#13;
	at coaching.resources.PropertiesLoader.getProperties(PropertiesLoader.java:47)&#13;
	at coaching.application.AbstractScheduler.initialise(AbstractScheduler.java:96)&#13;
	at coaching.application.AbstractScheduler.&lt;init&gt;(AbstractScheduler.java:50)&#13;
	at coaching.application.ExampleScheduler.&lt;init&gt;(ExampleScheduler.java:33)&#13;
	at coaching.application.SchedulerTest.testSchedulerResourceNameExt(SchedulerTest.java:75)&#13;
	at sun.reflect.NativeMethodAccessorImpl.invoke0(Native Method)&#13;
	at sun.reflect.NativeMethodAccessorImpl.invoke(NativeMethodAccessorImpl.java:62)&#13;
	at sun.reflect.DelegatingMethodAccessorImpl.invoke(DelegatingMethodAccessorImpl.java:43)&#13;
	at java.lang.reflect.Method.invoke(Method.java:498)&#13;
	at org.junit.runners.model.FrameworkMethod$1.runReflectiveCall(FrameworkMethod.java:50)&#13;
	at org.junit.internal.runners.model.ReflectiveCallable.run(ReflectiveCallable.java:12)&#13;
	at org.junit.runners.model.FrameworkMethod.invokeExplosively(FrameworkMethod.java:47)&#13;
	at org.junit.internal.runners.statements.InvokeMethod.evaluate(InvokeMethod.java:17)&#13;
	at org.junit.runners.ParentRunner.runLeaf(ParentRunner.java:325)&#13;
	at org.junit.runners.BlockJUnit4ClassRunner.runChild(BlockJUnit4ClassRunner.java:78)&#13;
	at org.junit.runners.BlockJUnit4ClassRunner.runChild(BlockJUnit4ClassRunner.java:57)&#13;
	at org.junit.runners.ParentRunner$3.run(ParentRunner.java:290)&#13;
	at org.junit.runners.ParentRunner$1.schedule(ParentRunner.java:71)&#13;
	at org.junit.runners.ParentRunner.runChildren(ParentRunner.java:288)&#13;
	at org.junit.runners.ParentRunner.access$000(ParentRunner.java:58)&#13;
	at org.junit.runners.ParentRunner$2.evaluate(ParentRunner.java:268)&#13;
	at org.junit.runners.ParentRunner.run(ParentRunner.java:363)&#13;
	at org.eclipse.jdt.internal.junit4.runner.JUnit4TestReference.run(JUnit4TestReference.java:89)&#13;
	at org.eclipse.jdt.internal.junit.runner.TestExecution.run(TestExecution.java:41)&#13;
	at org.eclipse.jdt.internal.junit.runner.RemoteTestRunner.runTests(RemoteTestRunner.java:541)&#13;
	at org.eclipse.jdt.internal.junit.runner.RemoteTestRunner.runTests(RemoteTestRunner.java:763)&#13;
	at org.eclipse.jdt.internal.junit.runner.RemoteTestRunner.run(RemoteTestRunner.java:463)&#13;
	at org.eclipse.jdt.internal.junit.runner.RemoteTestRunner.main(RemoteTestRunner.java:209)&#13;
&#13;
</failure>
    </testcase>
  </testsuite>
  <testsuite name="coaching.types.ObjectTypesArrayTest" time="0.002">
    <testcase name="testDisplayMatrix" classname="coaching.types.ObjectTypesArrayTest" time="0.001"/>
    <testcase name="testIterateArray" classname="coaching.types.ObjectTypesArrayTest" time="0.0"/>
    <testcase name="testDisplayObjectArray" classname="coaching.types.ObjectTypesArrayTest" time="0.001"/>
  </testsuite>
  <testsuite name="coaching.thread.RunnableClassTest" time="0.001">
    <testcase name="testRunnableClass" classname="coaching.thread.RunnableClassTest" time="0.001"/>
  </testsuite>
  <testsuite name="patterns.interpreter.ContextTest" time="0.0">
    <testcase name="testContext" classname="patterns.interpreter.ContextTest" time="0.0"/>
  </testsuite>
  <testsuite name="coaching.generics.TableCellTest" time="0.001">
    <testcase name="testTableCell" classname="coaching.generics.TableCellTest" time="0.001"/>
  </testsuite>
  <testsuite name="patterns.transaction.AbstractParticipantTest" time="0.0">
    <testcase name="testTypicalUsageCancel" classname="patterns.transaction.AbstractParticipantTest" time="0.0"/>
    <testcase name="testTypicalUsageCommit" classname="patterns.transaction.AbstractParticipantTest" time="0.0"/>
    <testcase name="type" classname="patterns.transaction.AbstractParticipantTest" time="0.0"/>
  </testsuite>
  <testsuite name="coaching.jdbc.DaoToXmlTest" time="0.0">
    <testcase name="testDaoToXml" classname="coaching.jdbc.DaoToXmlTest" time="0.0" ignored="true"/>
  </testsuite>
  <testcase name="coaching.jdbc.OracleDaoTest" classname="coaching.jdbc.OracleDaoTest" time="0.0" ignored="true"/>
  <testsuite name="coaching.resources.PropertyLoaderTest" time="0.01">
    <testcase name="testGetXmlProperties" classname="coaching.resources.PropertyLoaderTest" time="0.009"/>
    <testcase name="testGetProperties" classname="coaching.resources.PropertyLoaderTest" time="0.0"/>
    <testcase name="testMissingProperties" classname="coaching.resources.PropertyLoaderTest" time="0.001"/>
    <testcase name="testMissingXmlProperties" classname="coaching.resources.PropertyLoaderTest" time="0.0"/>
  </testsuite>
  <testsuite name="coaching.collections.TableTest" time="0.003">
    <testcase name="testTable" classname="coaching.collections.TableTest" time="0.002"/>
    <testcase name="testAddTableRows" classname="coaching.collections.TableTest" time="0.0"/>
    <testcase name="testAddTableColumn" classname="coaching.collections.TableTest" time="0.0">
      <error>java.lang.IndexOutOfBoundsException: Index: 0, Size: 0&#13;
	at java.util.ArrayList.rangeCheck(ArrayList.java:657)&#13;
	at java.util.ArrayList.get(ArrayList.java:433)&#13;
	at coaching.collections.Table.addColumn(Table.java:105)&#13;
	at coaching.collections.TableTest.testAddTableColumn(TableTest.java:94)&#13;
	at sun.reflect.NativeMethodAccessorImpl.invoke0(Native Method)&#13;
	at sun.reflect.NativeMethodAccessorImpl.invoke(NativeMethodAccessorImpl.java:62)&#13;
	at sun.reflect.DelegatingMethodAccessorImpl.invoke(DelegatingMethodAccessorImpl.java:43)&#13;
	at java.lang.reflect.Method.invoke(Method.java:498)&#13;
	at org.junit.runners.model.FrameworkMethod$1.runReflectiveCall(FrameworkMethod.java:50)&#13;
	at org.junit.internal.runners.model.ReflectiveCallable.run(ReflectiveCallable.java:12)&#13;
	at org.junit.runners.model.FrameworkMethod.invokeExplosively(FrameworkMethod.java:47)&#13;
	at org.junit.internal.runners.statements.InvokeMethod.evaluate(InvokeMethod.java:17)&#13;
	at org.junit.runners.ParentRunner.runLeaf(ParentRunner.java:325)&#13;
	at org.junit.runners.BlockJUnit4ClassRunner.runChild(BlockJUnit4ClassRunner.java:78)&#13;
	at org.junit.runners.BlockJUnit4ClassRunner.runChild(BlockJUnit4ClassRunner.java:57)&#13;
	at org.junit.runners.ParentRunner$3.run(ParentRunner.java:290)&#13;
	at org.junit.runners.ParentRunner$1.schedule(ParentRunner.java:71)&#13;
	at org.junit.runners.ParentRunner.runChildren(ParentRunner.java:288)&#13;
	at org.junit.runners.ParentRunner.access$000(ParentRunner.java:58)&#13;
	at org.junit.runners.ParentRunner$2.evaluate(ParentRunner.java:268)&#13;
	at org.junit.runners.ParentRunner.run(ParentRunner.java:363)&#13;
	at org.eclipse.jdt.internal.junit4.runner.JUnit4TestReference.run(JUnit4TestReference.java:89)&#13;
	at org.eclipse.jdt.internal.junit.runner.TestExecution.run(TestExecution.java:41)&#13;
	at org.eclipse.jdt.internal.junit.runner.RemoteTestRunner.runTests(RemoteTestRunner.java:541)&#13;
	at org.eclipse.jdt.internal.junit.runner.RemoteTestRunner.runTests(RemoteTestRunner.java:763)&#13;
	at org.eclipse.jdt.internal.junit.runner.RemoteTestRunner.run(RemoteTestRunner.java:463)&#13;
	at org.eclipse.jdt.internal.junit.runner.RemoteTestRunner.main(RemoteTestRunner.java:209)&#13;
&#13;
</error>
    </testcase>
    <testcase name="testTableString" classname="coaching.collections.TableTest" time="0.001"/>
    <testcase name="testAddColumnName" classname="coaching.collections.TableTest" time="0.0"/>
    <testcase name="testAddTableRow" classname="coaching.collections.TableTest" time="0.0"/>
  </testsuite>
  <testsuite name="coaching.IterationTest" time="0.001">
    <testcase name="testExampleWhileTrue" classname="coaching.IterationTest" time="0.0"/>
    <testcase name="testExampleDoWhileFalse" classname="coaching.IterationTest" time="0.001"/>
    <testcase name="testExampleDoWhileTrue" classname="coaching.IterationTest" time="0.0"/>
    <testcase name="testExampleWhileNotFalse" classname="coaching.IterationTest" time="0.0"/>
    <testcase name="testExampleFor" classname="coaching.IterationTest" time="0.0"/>
    <testcase name="testExampleForCountDown" classname="coaching.IterationTest" time="0.0"/>
  </testsuite>
  <testsuite name="patterns.command.InvokerExampleTest" time="0.007">
    <testcase name="testInvokerConditionalCommand" classname="patterns.command.InvokerExampleTest" time="0.006"/>
    <testcase name="testConditionalCommand" classname="patterns.command.InvokerExampleTest" time="0.0"/>
    <testcase name="testInvokerSequenceCommand" classname="patterns.command.InvokerExampleTest" time="0.001"/>
    <testcase name="testCompoundCommand" classname="patterns.command.InvokerExampleTest" time="0.0"/>
    <testcase name="testSequenceCommand" classname="patterns.command.InvokerExampleTest" time="0.0"/>
    <testcase name="testExampleCommand" classname="patterns.command.InvokerExampleTest" time="0.0"/>
    <testcase name="testInvokerCompoundCommand" classname="patterns.command.InvokerExampleTest" time="0.0"/>
    <testcase name="testInvokerExampleCommand" classname="patterns.command.InvokerExampleTest" time="0.0"/>
  </testsuite>
  <testsuite name="coaching.jdbc.CsvToDaoTest" time="0.001">
    <testcase name="testCsvToDao" classname="coaching.jdbc.CsvToDaoTest" time="0.001" ignored="true"/>
  </testsuite>
  <testsuite name="coaching.polymorphism.AbstractTypeTest" time="0.002">
    <testcase name="testSubTypeOne" classname="coaching.polymorphism.AbstractTypeTest" time="0.001"/>
    <testcase name="testSubTypeTwo" classname="coaching.polymorphism.AbstractTypeTest" time="0.001"/>
  </testsuite>
  <testsuite name="patterns.hopp.LocalHoppTest" time="0.001">
    <testcase name="testTypicalUsage" classname="patterns.hopp.LocalHoppTest" time="0.0"/>
    <testcase name="testLocalMethod" classname="patterns.hopp.LocalHoppTest" time="0.0"/>
    <testcase name="testRemoteMethod" classname="patterns.hopp.LocalHoppTest" time="0.001"/>
  </testsuite>
  <testsuite name="patterns.bridge.BridgeTest" time="0.001">
    <testcase name="testOperation" classname="patterns.bridge.BridgeTest" time="0.001"/>
  </testsuite>
  <testsuite name="coaching.associations.PolymorphicListTest" time="0.001">
    <testcase name="testAdd" classname="coaching.associations.PolymorphicListTest" time="0.001"/>
    <testcase name="testPolymorphicList" classname="coaching.associations.PolymorphicListTest" time="0.0"/>
  </testsuite>
  <testsuite name="patterns.flyweight.FlyweightFactoryTest" time="0.001">
    <testcase name="testCreate" classname="patterns.flyweight.FlyweightFactoryTest" time="0.001"/>
  </testsuite>
  <testsuite name="patterns.command.CommandFactoryTest" time="0.002">
    <testcase name="testCreateCompoundCommand" classname="patterns.command.CommandFactoryTest" time="0.001"/>
    <testcase name="testCreateMissingClass" classname="patterns.command.CommandFactoryTest" time="0.0"/>
    <testcase name="testCreateConditionalCommand" classname="patterns.command.CommandFactoryTest" time="0.0"/>
    <testcase name="testCreateSequenceCommand" classname="patterns.command.CommandFactoryTest" time="0.001"/>
    <testcase name="testExampleCommand" classname="patterns.command.CommandFactoryTest" time="0.0"/>
    <testcase name="testCommandFactory" classname="patterns.command.CommandFactoryTest" time="0.0"/>
    <testcase name="testCreate" classname="patterns.command.CommandFactoryTest" time="0.0"/>
  </testsuite>
  <testsuite name="coaching.csv.CsvToJsonTest" time="0.001">
    <testcase name="testCsvToJson" classname="coaching.csv.CsvToJsonTest" time="0.001"/>
  </testsuite>
  <testsuite name="coaching.tuples.BoxTest" time="0.0">
    <testcase name="testBoxObject" classname="coaching.tuples.BoxTest" time="0.0"/>
    <testcase name="testBoxString" classname="coaching.tuples.BoxTest" time="0.0"/>
  </testsuite>
  <testsuite name="coaching.json.JsonTest" time="0.009">
    <testcase name="testNew" classname="coaching.json.JsonTest" time="0.002"/>
    <testcase name="test" classname="coaching.json.JsonTest" time="0.006"/>
    <testcase name="testSystem" classname="coaching.json.JsonTest" time="0.001"/>
  </testsuite>
  <testsuite name="coaching.template.ConcreteClassTest" time="0.002">
    <testcase name="testPrimitiveOperationA" classname="coaching.template.ConcreteClassTest" time="0.002"/>
    <testcase name="testPrimitiveOperationB" classname="coaching.template.ConcreteClassTest" time="0.0"/>
  </testsuite>
  <testsuite name="coaching.rules.RulesEngineTest" time="0.003">
    <testcase name="testRulesEngine" classname="coaching.rules.RulesEngineTest" time="0.002"/>
    <testcase name="testExecute" classname="coaching.rules.RulesEngineTest" time="0.001"/>
  </testsuite>
  <testsuite name="coaching.bags.SimpleBagTest" time="0.001">
    <testcase name="testExhaustedBag" classname="coaching.bags.SimpleBagTest" time="0.0"/>
    <testcase name="testBag" classname="coaching.bags.SimpleBagTest" time="0.0"/>
    <testcase name="testBagStringArray" classname="coaching.bags.SimpleBagTest" time="0.0"/>
    <testcase name="testBagVargs" classname="coaching.bags.SimpleBagTest" time="0.001"/>
    <testcase name="testVargs" classname="coaching.bags.SimpleBagTest" time="0.0"/>
    <testcase name="testFill" classname="coaching.bags.SimpleBagTest" time="0.0"/>
    <testcase name="testChooseFromBag" classname="coaching.bags.SimpleBagTest" time="0.0"/>
    <testcase name="testNullBag" classname="coaching.bags.SimpleBagTest" time="0.0"/>
    <testcase name="testEmptyBag" classname="coaching.bags.SimpleBagTest" time="0.0"/>
  </testsuite>
  <testsuite name="coaching.xml.XmlToJdbcTest" time="0.001">
    <testcase name="testXmlToJdbc" classname="coaching.xml.XmlToJdbcTest" time="0.001"/>
  </testsuite>
  <testcase name="coaching.jdbc.MySqlDaoTest" classname="coaching.jdbc.MySqlDaoTest" time="0.001" ignored="true"/>
  <testsuite name="patterns.state.AbstractStateTest" time="0.0">
    <testcase name="testAbstractState" classname="patterns.state.AbstractStateTest" time="0.0"/>
  </testsuite>
  <testsuite name="coaching.resources.ResourceLoaderTest" time="0.002">
    <testcase name="testGetXmlResource" classname="coaching.resources.ResourceLoaderTest" time="0.001"/>
    <testcase name="testMissingXmlResource" classname="coaching.resources.ResourceLoaderTest" time="0.0"/>
    <testcase name="testGetResource" classname="coaching.resources.ResourceLoaderTest" time="0.001"/>
  </testsuite>
  <testsuite name="coaching.config.ConfigurationTest" time="0.0">
    <testcase name="testConfiguration" classname="coaching.config.ConfigurationTest" time="0.0"/>
  </testsuite>
  <testsuite name="coaching.solid.OpenClosedPrincipleTest" time="0.001">
    <testcase name="testOpenClosedPrinciple" classname="coaching.solid.OpenClosedPrincipleTest" time="0.001"/>
  </testsuite>
  <testsuite name="patterns.memento.CaretakerTest" time="0.001">
    <testcase name="type" classname="patterns.memento.CaretakerTest" time="0.0"/>
    <testcase name="instantiation" classname="patterns.memento.CaretakerTest" time="0.001"/>
  </testsuite>
  <testsuite name="coaching.net.PortScanTest" time="0.003">
    <testcase name="testPortScanZeroArgs" classname="coaching.net.PortScanTest" time="0.0"/>
    <testcase name="testPortScanEmptyArgs" classname="coaching.net.PortScanTest" time="0.001"/>
    <testcase name="testPortScanArgs" classname="coaching.net.PortScanTest" time="0.0"/>
    <testcase name="testPortScanNull" classname="coaching.net.PortScanTest" time="0.0"/>
    <testcase name="testPortScanIpPort" classname="coaching.net.PortScanTest" time="0.001"/>
    <testcase name="testPortScanNullArgs" classname="coaching.net.PortScanTest" time="0.0"/>
    <testcase name="testPortScan" classname="coaching.net.PortScanTest" time="0.0"/>
  </testsuite>
  <testcase name="patterns.AllTests" classname="patterns.AllTests" incomplete="true"/>
  <testsuite name="coaching.pool.AbstractResourcePoolTest" time="0.002">
    <testcase name="testAdd" classname="coaching.pool.AbstractResourcePoolTest" time="0.001"/>
    <testcase name="testGet" classname="coaching.pool.AbstractResourcePoolTest" time="0.0"/>
    <testcase name="testOffer" classname="coaching.pool.AbstractResourcePoolTest" time="0.0"/>
    <testcase name="testTypicalUsage" classname="coaching.pool.AbstractResourcePoolTest" time="0.0"/>
    <testcase name="testRemoveWhenNull" classname="coaching.pool.AbstractResourcePoolTest" time="0.001"/>
    <testcase name="testAbstractResourcePool" classname="coaching.pool.AbstractResourcePoolTest" time="0.0"/>
    <testcase name="testGetWhenEmpty" classname="coaching.pool.AbstractResourcePoolTest" time="0.0"/>
    <testcase name="testRelease" classname="coaching.pool.AbstractResourcePoolTest" time="0.0"/>
    <testcase name="testRemove" classname="coaching.pool.AbstractResourcePoolTest" time="0.0"/>
  </testsuite>
  <testsuite name="coaching.thread.ThreadTemplateTest" time="0.002">
    <testcase name="testTestThread" classname="coaching.thread.ThreadTemplateTest" time="0.001"/>
    <testcase name="testThreadTemplate" classname="coaching.thread.ThreadTemplateTest" time="0.001"/>
  </testsuite>
  <testsuite name="coaching.model.AssociationsTest" time="0.009">
    <testcase name="testExampleAggregation" classname="coaching.model.AssociationsTest" time="0.005"/>
    <testcase name="testExampleMotorCycleRider" classname="coaching.model.AssociationsTest" time="0.001"/>
    <testcase name="testExampleTruck" classname="coaching.model.AssociationsTest" time="0.002"/>
    <testcase name="testExampleComposition" classname="coaching.model.AssociationsTest" time="0.0"/>
    <testcase name="testExampleTaxi" classname="coaching.model.AssociationsTest" time="0.001"/>
  </testsuite>
  <testsuite name="coaching.idioms.ConstantsTest" time="0.001">
    <testcase name="test" classname="coaching.idioms.ConstantsTest" time="0.001"/>
  </testsuite>
  <testsuite name="patterns.visitor.VisitorTest" time="0.003">
    <testcase name="testOperation" classname="patterns.visitor.VisitorTest" time="0.003"/>
  </testsuite>
  <testsuite name="coaching.csv.CsvToJdbcTest" time="0.001">
    <testcase name="testFluentInterface" classname="coaching.csv.CsvToJdbcTest" time="0.001"/>
  </testsuite>
  <testsuite name="coaching.thread.DaemonThreadTest" time="0.002">
    <testcase name="testRunDaemonThread" classname="coaching.thread.DaemonThreadTest" time="0.002"/>
  </testsuite>
  <testsuite name="coaching.delegation.ManagerTest" time="0.001">
    <testcase name="testDelegation" classname="coaching.delegation.ManagerTest" time="0.001"/>
  </testsuite>
  <testsuite name="patterns.builder.DirectorTest" time="0.003">
    <testcase name="testDirector" classname="patterns.builder.DirectorTest" time="0.003"/>
  </testsuite>
  <testsuite name="coaching.scripting.EquationTest" time="0.575">
    <testcase name="testEquation" classname="coaching.scripting.EquationTest" time="0.575"/>
  </testsuite>
  <testsuite name="coaching.xml.XmlTransformerTest" time="0.003">
    <testcase name="testXmlTransformer" classname="coaching.xml.XmlTransformerTest" time="0.003"/>
  </testsuite>
  <testsuite name="coaching.collections.TableCellTest" time="0.001">
    <testcase name="testTableCell" classname="coaching.collections.TableCellTest" time="0.001"/>
    <testcase name="testTableCellString" classname="coaching.collections.TableCellTest" time="0.0"/>
  </testsuite>
  <testsuite name="patterns.interpreter.ConjunctionTest" time="0.0">
    <testcase name="testConjunction" classname="patterns.interpreter.ConjunctionTest" time="0.0"/>
    <testcase name="testInterpretFail" classname="patterns.interpreter.ConjunctionTest" time="0.0"/>
    <testcase name="testInterpretPass" classname="patterns.interpreter.ConjunctionTest" time="0.0"/>
  </testsuite>
  <testsuite name="patterns.session.SessionTest" time="0.0">
    <testcase name="type" classname="patterns.session.SessionTest" time="0.0"/>
    <testcase name="instantiation" classname="patterns.session.SessionTest" time="0.0"/>
  </testsuite>
  <testsuite name="coaching.jdbc.JdbcConfigTest" time="0.001">
    <testcase name="testValues" classname="coaching.jdbc.JdbcConfigTest" time="0.001"/>
    <testcase name="testGetInstance" classname="coaching.jdbc.JdbcConfigTest" time="0.0"/>
  </testsuite>
  <testsuite name="coaching.money.MoneyTest" time="0.002">
    <testcase name="testMoneyWithMinValueOfLong" classname="coaching.money.MoneyTest" time="0.0"/>
    <testcase name="testMoneyLong" classname="coaching.money.MoneyTest" time="0.0"/>
    <testcase name="testMoneyCurrency" classname="coaching.money.MoneyTest" time="0.0"/>
    <testcase name="testMaxDollar" classname="coaching.money.MoneyTest" time="0.001">
      <skipped>org.junit.AssumptionViolatedException: got: &lt;false&gt;, expected: is &lt;true&gt;&#13;
	at org.junit.Assume.assumeThat(Assume.java:95)&#13;
	at org.junit.Assume.assumeTrue(Assume.java:41)&#13;
	at coaching.money.MoneyTest.testMaxDollar(MoneyTest.java:168)&#13;
	at sun.reflect.NativeMethodAccessorImpl.invoke0(Native Method)&#13;
	at sun.reflect.NativeMethodAccessorImpl.invoke(NativeMethodAccessorImpl.java:62)&#13;
	at sun.reflect.DelegatingMethodAccessorImpl.invoke(DelegatingMethodAccessorImpl.java:43)&#13;
	at java.lang.reflect.Method.invoke(Method.java:498)&#13;
	at org.junit.runners.model.FrameworkMethod$1.runReflectiveCall(FrameworkMethod.java:50)&#13;
	at org.junit.internal.runners.model.ReflectiveCallable.run(ReflectiveCallable.java:12)&#13;
	at org.junit.runners.model.FrameworkMethod.invokeExplosively(FrameworkMethod.java:47)&#13;
	at org.junit.internal.runners.statements.InvokeMethod.evaluate(InvokeMethod.java:17)&#13;
	at org.junit.runners.ParentRunner.runLeaf(ParentRunner.java:325)&#13;
	at org.junit.runners.BlockJUnit4ClassRunner.runChild(BlockJUnit4ClassRunner.java:78)&#13;
	at org.junit.runners.BlockJUnit4ClassRunner.runChild(BlockJUnit4ClassRunner.java:57)&#13;
	at org.junit.runners.ParentRunner$3.run(ParentRunner.java:290)&#13;
	at org.junit.runners.ParentRunner$1.schedule(ParentRunner.java:71)&#13;
	at org.junit.runners.ParentRunner.runChildren(ParentRunner.java:288)&#13;
	at org.junit.runners.ParentRunner.access$000(ParentRunner.java:58)&#13;
	at org.junit.runners.ParentRunner$2.evaluate(ParentRunner.java:268)&#13;
	at org.junit.runners.ParentRunner.run(ParentRunner.java:363)&#13;
	at org.eclipse.jdt.internal.junit4.runner.JUnit4TestReference.run(JUnit4TestReference.java:89)&#13;
	at org.eclipse.jdt.internal.junit.runner.TestExecution.run(TestExecution.java:41)&#13;
	at org.eclipse.jdt.internal.junit.runner.RemoteTestRunner.runTests(RemoteTestRunner.java:541)&#13;
	at org.eclipse.jdt.internal.junit.runner.RemoteTestRunner.runTests(RemoteTestRunner.java:763)&#13;
	at org.eclipse.jdt.internal.junit.runner.RemoteTestRunner.run(RemoteTestRunner.java:463)&#13;
	at org.eclipse.jdt.internal.junit.runner.RemoteTestRunner.main(RemoteTestRunner.java:209)&#13;
&#13;
</skipped>
    </testcase>
    <testcase name="testMaxPounds" classname="coaching.money.MoneyTest" time="0.0"/>
    <testcase name="testMaxEuro" classname="coaching.money.MoneyTest" time="0.0"/>
    <testcase name="testMoneyCurrencyLong" classname="coaching.money.MoneyTest" time="0.0"/>
    <testcase name="testMoneyUsage" classname="coaching.money.MoneyTest" time="0.001"/>
    <testcase name="testMoneyWithMaxValueOfLong" classname="coaching.money.MoneyTest" time="0.0"/>
  </testsuite>
  <testsuite name="coaching.thread.ApplicationTest" time="0.001">
    <testcase name="testApplication" classname="coaching.thread.ApplicationTest" time="0.001"/>
  </testsuite>
  <testsuite name="coaching.solid.DependencyInversionPrincipleTest" time="0.001">
    <testcase name="testDependencyInversionPrinciple" classname="coaching.solid.DependencyInversionPrincipleTest" time="0.001"/>
  </testsuite>
  <testsuite name="coaching.idioms.RegularExpressionTest" time="0.008">
    <testcase name="testRegularExpressionPattern" classname="coaching.idioms.RegularExpressionTest" time="0.001"/>
    <testcase name="testRegularExpression" classname="coaching.idioms.RegularExpressionTest" time="0.006"/>
    <testcase name="testFind" classname="coaching.idioms.RegularExpressionTest" time="0.001"/>
    <testcase name="testRegularExpressionString" classname="coaching.idioms.RegularExpressionTest" time="0.0"/>
    <testcase name="testReplace" classname="coaching.idioms.RegularExpressionTest" time="0.0"/>
    <testcase name="testQuoted" classname="coaching.idioms.RegularExpressionTest" time="0.0"/>
    <testcase name="testVerify" classname="coaching.idioms.RegularExpressionTest" time="0.0"/>
  </testsuite>
  <testsuite name="coaching.tuples.TripleTest" time="0.0">
    <testcase name="testSpace" classname="coaching.tuples.TripleTest" time="0.0"/>
    <testcase name="testTripleXYZ" classname="coaching.tuples.TripleTest" time="0.0"/>
    <testcase name="testCreate" classname="coaching.tuples.TripleTest" time="0.0"/>
  </testsuite>
  <testsuite name="patterns.adapter.AdapterTest" time="0.0">
    <testcase name="testRequest" classname="patterns.adapter.AdapterTest" time="0.0"/>
  </testsuite>
  <testsuite name="patterns.command.CommandInvokerTest" time="0.0">
    <testcase name="testExecuteNull" classname="patterns.command.CommandInvokerTest" time="0.0"/>
    <testcase name="testExecuteBlank" classname="patterns.command.CommandInvokerTest" time="0.0"/>
    <testcase name="testExecuteExampleCommand" classname="patterns.command.CommandInvokerTest" time="0.0"/>
  </testsuite>
  <testsuite name="coaching.idioms.PojoExampleTest" time="0.0">
    <testcase name="testSetGetLongValue" classname="coaching.idioms.PojoExampleTest" time="0.0"/>
    <testcase name="testSetGetStringValue" classname="coaching.idioms.PojoExampleTest" time="0.0"/>
    <testcase name="testPojoExample" classname="coaching.idioms.PojoExampleTest" time="0.0"/>
    <testcase name="testPojoExampleStringLong" classname="coaching.idioms.PojoExampleTest" time="0.0"/>
  </testsuite>
  <testsuite name="patterns.builder.BuilderTest" time="0.0">
    <testcase name="testBuilderOne" classname="patterns.builder.BuilderTest" time="0.0"/>
    <testcase name="testBuilderTwo" classname="patterns.builder.BuilderTest" time="0.0"/>
  </testsuite>
  <testcase name="coaching.jdbc.PostgreSqlDaoTest" classname="coaching.jdbc.PostgreSqlDaoTest" time="0.0" ignored="true"/>
  <testsuite name="coaching.types.NativeTypesArrayTest" time="0.0">
    <testcase name="testDisplayMatrix" classname="coaching.types.NativeTypesArrayTest" time="0.0"/>
    <testcase name="testDisplayEmptyMatrix" classname="coaching.types.NativeTypesArrayTest" time="0.0"/>
    <testcase name="testIterateArray" classname="coaching.types.NativeTypesArrayTest" time="0.0"/>
  </testsuite>
</testrun>
